Connecting to database specified by database.yml


Started GET "/assets/rails.png" for 127.0.0.1 at 2014-03-27 14:12:08 +0530
Connecting to database specified by database.yml
Served asset /rails.png - 200 OK (16ms)


Started GET "/employees" for 127.0.0.1 at 2014-03-27 14:13:15 +0530
Connecting to database specified by database.yml
Processing by EmployeesController#index as HTML
Completed 500 Internal Server Error in 26.9ms

ActiveRecord::StatementInvalid (Could not find table 'employees'):
  app/controllers/employees_controller.rb:5:in `index'


  Rendered /home/user/.rvm/gems/ruby-1.9.3-p429@rails3.2.16/gems/actionpack-3.2.16/lib/action_dispatch/middleware/templates/rescues/_trace.erb (1.0ms)
  Rendered /home/user/.rvm/gems/ruby-1.9.3-p429@rails3.2.16/gems/actionpack-3.2.16/lib/action_dispatch/middleware/templates/rescues/_request_and_response.erb (0.7ms)
  Rendered /home/user/.rvm/gems/ruby-1.9.3-p429@rails3.2.16/gems/actionpack-3.2.16/lib/action_dispatch/middleware/templates/rescues/diagnostics.erb within rescues/layout (24.2ms)


Started GET "/employee" for 127.0.0.1 at 2014-03-27 14:13:18 +0530

ActionController::RoutingError (No route matches [GET] "/employee"):
  actionpack (3.2.16) lib/action_dispatch/middleware/debug_exceptions.rb:21:in `call'
  actionpack (3.2.16) lib/action_dispatch/middleware/show_exceptions.rb:56:in `call'
  railties (3.2.16) lib/rails/rack/logger.rb:32:in `call_app'
  railties (3.2.16) lib/rails/rack/logger.rb:16:in `block in call'
  activesupport (3.2.16) lib/active_support/tagged_logging.rb:22:in `tagged'
  railties (3.2.16) lib/rails/rack/logger.rb:16:in `call'
  actionpack (3.2.16) lib/action_dispatch/middleware/request_id.rb:22:in `call'
  rack (1.4.5) lib/rack/methodoverride.rb:21:in `call'
  rack (1.4.5) lib/rack/runtime.rb:17:in `call'
  activesupport (3.2.16) lib/active_support/cache/strategy/local_cache.rb:72:in `call'
  rack (1.4.5) lib/rack/lock.rb:15:in `call'
  actionpack (3.2.16) lib/action_dispatch/middleware/static.rb:63:in `call'
  railties (3.2.16) lib/rails/engine.rb:484:in `call'
  railties (3.2.16) lib/rails/application.rb:231:in `call'
  rack (1.4.5) lib/rack/content_length.rb:14:in `call'
  railties (3.2.16) lib/rails/rack/log_tailer.rb:17:in `call'
  rack (1.4.5) lib/rack/handler/webrick.rb:59:in `service'
  /home/user/.rvm/rubies/ruby-1.9.3-p429/lib/ruby/1.9.1/webrick/httpserver.rb:138:in `service'
  /home/user/.rvm/rubies/ruby-1.9.3-p429/lib/ruby/1.9.1/webrick/httpserver.rb:94:in `run'
  /home/user/.rvm/rubies/ruby-1.9.3-p429/lib/ruby/1.9.1/webrick/server.rb:191:in `block in start_thread'


  Rendered /home/user/.rvm/gems/ruby-1.9.3-p429@rails3.2.16/gems/actionpack-3.2.16/lib/action_dispatch/middleware/templates/rescues/routing_error.erb within rescues/layout (0.8ms)


Started GET "/employees" for 127.0.0.1 at 2014-03-27 14:13:32 +0530
Processing by EmployeesController#index as HTML
Completed 500 Internal Server Error in 0.8ms

ActiveRecord::StatementInvalid (Could not find table 'employees'):
  app/controllers/employees_controller.rb:5:in `index'


  Rendered /home/user/.rvm/gems/ruby-1.9.3-p429@rails3.2.16/gems/actionpack-3.2.16/lib/action_dispatch/middleware/templates/rescues/_trace.erb (1.1ms)
  Rendered /home/user/.rvm/gems/ruby-1.9.3-p429@rails3.2.16/gems/actionpack-3.2.16/lib/action_dispatch/middleware/templates/rescues/_request_and_response.erb (1.1ms)
  Rendered /home/user/.rvm/gems/ruby-1.9.3-p429@rails3.2.16/gems/actionpack-3.2.16/lib/action_dispatch/middleware/templates/rescues/diagnostics.erb within rescues/layout (7.7ms)
Connecting to database specified by database.yml
  [1m[36m (0.1ms)[0m  [1mselect sqlite_version(*)[0m
  [1m[35m (154.2ms)[0m  CREATE TABLE "schema_migrations" ("version" varchar(255) NOT NULL) 
  [1m[36m (100.4ms)[0m  [1mCREATE UNIQUE INDEX "unique_schema_migrations" ON "schema_migrations" ("version")[0m
  [1m[35m (1.7ms)[0m  SELECT "schema_migrations"."version" FROM "schema_migrations" 
Migrating to CreateEmployees (20140327075003)
  [1m[36m (0.1ms)[0m  [1mbegin transaction[0m
  [1m[35m (0.5ms)[0m  CREATE TABLE "employees" ("id" INTEGER PRIMARY KEY AUTOINCREMENT NOT NULL, "name" varchar(255), "manager_id" integer, "created_at" datetime NOT NULL, "updated_at" datetime NOT NULL) 
  [1m[36m (0.2ms)[0m  [1mINSERT INTO "schema_migrations" ("version") VALUES ('20140327075003')[0m
  [1m[35m (118.7ms)[0m  commit transaction
  [1m[36m (0.1ms)[0m  [1mSELECT "schema_migrations"."version" FROM "schema_migrations" [0m


Started GET "/employees" for 127.0.0.1 at 2014-03-27 14:13:54 +0530
Connecting to database specified by database.yml
Processing by EmployeesController#index as HTML
  [1m[36mEmployee Load (0.1ms)[0m  [1mSELECT "employees".* FROM "employees" [0m
  Rendered employees/index.html.erb within layouts/application (15.1ms)
Warning. Error encountered while saving cache /home/user/Desktop/sample_association/tmp/cache/sass/83abbc888763e1c26321d801d23fe2c00ac4712f/employees.css.scssc: can't dump anonymous class #<Class:0x93399c0>
Compiled employees.css  (4ms)  (pid 3710)
Warning. Error encountered while saving cache /home/user/Desktop/sample_association/tmp/cache/sass/83abbc888763e1c26321d801d23fe2c00ac4712f/scaffolds.css.scssc: can't dump anonymous class #<Class:0x93399c0>
Compiled scaffolds.css  (8ms)  (pid 3710)
Compiled application.css  (22ms)  (pid 3710)
Compiled jquery.js  (1ms)  (pid 3710)
Compiled jquery_ujs.js  (0ms)  (pid 3710)
Compiled employees.js  (102ms)  (pid 3710)
Compiled application.js  (124ms)  (pid 3710)
Completed 200 OK in 226.5ms (Views: 199.7ms | ActiveRecord: 1.5ms)


Started GET "/assets/application.css?body=1" for 127.0.0.1 at 2014-03-27 14:13:55 +0530
Served asset /application.css - 200 OK (11ms)


Started GET "/assets/jquery.js?body=1" for 127.0.0.1 at 2014-03-27 14:13:55 +0530
Served asset /jquery.js - 200 OK (2ms)


Started GET "/assets/employees.css?body=1" for 127.0.0.1 at 2014-03-27 14:13:55 +0530
Served asset /employees.css - 200 OK (2ms)


Started GET "/assets/employees.js?body=1" for 127.0.0.1 at 2014-03-27 14:13:55 +0530
Served asset /employees.js - 200 OK (1ms)


Started GET "/assets/scaffolds.css?body=1" for 127.0.0.1 at 2014-03-27 14:13:55 +0530
Served asset /scaffolds.css - 200 OK (1ms)


Started GET "/assets/jquery_ujs.js?body=1" for 127.0.0.1 at 2014-03-27 14:13:55 +0530
Served asset /jquery_ujs.js - 200 OK (2ms)


Started GET "/assets/application.js?body=1" for 127.0.0.1 at 2014-03-27 14:13:55 +0530
Served asset /application.js - 200 OK (8ms)


Started GET "/employees/new" for 127.0.0.1 at 2014-03-27 14:13:57 +0530
Processing by EmployeesController#new as HTML
  Rendered employees/_form.html.erb (6.6ms)
  Rendered employees/new.html.erb within layouts/application (12.2ms)
Completed 200 OK in 24.4ms (Views: 16.1ms | ActiveRecord: 0.0ms)


Started GET "/assets/application.css?body=1" for 127.0.0.1 at 2014-03-27 14:13:57 +0530
Served asset /application.css - 304 Not Modified (8ms)


Started GET "/assets/scaffolds.css?body=1" for 127.0.0.1 at 2014-03-27 14:13:57 +0530
Served asset /scaffolds.css - 304 Not Modified (0ms)


Started GET "/assets/jquery_ujs.js?body=1" for 127.0.0.1 at 2014-03-27 14:13:57 +0530
Served asset /jquery_ujs.js - 304 Not Modified (0ms)


Started GET "/assets/jquery.js?body=1" for 127.0.0.1 at 2014-03-27 14:13:57 +0530
Served asset /jquery.js - 304 Not Modified (2ms)


Started GET "/assets/employees.js?body=1" for 127.0.0.1 at 2014-03-27 14:13:57 +0530
Served asset /employees.js - 304 Not Modified (0ms)


Started GET "/assets/employees.css?body=1" for 127.0.0.1 at 2014-03-27 14:13:57 +0530
Served asset /employees.css - 304 Not Modified (0ms)


Started GET "/assets/application.js?body=1" for 127.0.0.1 at 2014-03-27 14:13:57 +0530
Served asset /application.js - 304 Not Modified (0ms)


Started GET "/employees/new" for 127.0.0.1 at 2014-03-27 14:15:43 +0530
Processing by EmployeesController#new as HTML
  Rendered employees/_form.html.erb (6.0ms)
  Rendered employees/new.html.erb within layouts/application (6.8ms)
Completed 500 Internal Server Error in 24.8ms

ActionView::Template::Error (undefined method `map' for #<Employee:0xb4b39f84>):
    17:   </div>
    18:   <div class="field">
    19:     <%= f.label :manager_id %><br />
    20:     <%= f.select :manager_id ,options_from_collection_for_select(@employee, "id", "name")%>
    21:   </div>
    22:   <div class="actions">
    23:     <%= f.submit %>
  app/views/employees/_form.html.erb:20:in `block in _app_views_employees__form_html_erb__498778463__631723668'
  app/views/employees/_form.html.erb:1:in `_app_views_employees__form_html_erb__498778463__631723668'
  app/views/employees/new.html.erb:3:in `_app_views_employees_new_html_erb__739008619__622290878'
  app/controllers/employees_controller.rb:29:in `new'


  Rendered /home/user/.rvm/gems/ruby-1.9.3-p429@rails3.2.16/gems/actionpack-3.2.16/lib/action_dispatch/middleware/templates/rescues/_trace.erb (1.1ms)
  Rendered /home/user/.rvm/gems/ruby-1.9.3-p429@rails3.2.16/gems/actionpack-3.2.16/lib/action_dispatch/middleware/templates/rescues/_request_and_response.erb (0.7ms)
  Rendered /home/user/.rvm/gems/ruby-1.9.3-p429@rails3.2.16/gems/actionpack-3.2.16/lib/action_dispatch/middleware/templates/rescues/template_error.erb within rescues/layout (6.7ms)


Started GET "/employees/new" for 127.0.0.1 at 2014-03-27 14:17:00 +0530
Processing by EmployeesController#new as HTML
  Rendered employees/_form.html.erb (3.5ms)
  Rendered employees/new.html.erb within layouts/application (4.3ms)
Completed 500 Internal Server Error in 6.2ms

ActionView::Template::Error (undefined method `map' for #<Employee:0xb63bccc8>):
    17:   </div>
    18:   <div class="field">
    19:     <%= f.label :manager_id %><br />
    20:     <%= select_tag "employee[manager_id]" ,options_from_collection_for_select(@employee, "id", "name")%>
    21:   </div>
    22:   <div class="actions">
    23:     <%= f.submit %>
  app/views/employees/_form.html.erb:20:in `block in _app_views_employees__form_html_erb__498778463__617391408'
  app/views/employees/_form.html.erb:1:in `_app_views_employees__form_html_erb__498778463__617391408'
  app/views/employees/new.html.erb:3:in `_app_views_employees_new_html_erb__739008619__622290878'
  app/controllers/employees_controller.rb:29:in `new'


  Rendered /home/user/.rvm/gems/ruby-1.9.3-p429@rails3.2.16/gems/actionpack-3.2.16/lib/action_dispatch/middleware/templates/rescues/_trace.erb (1.1ms)
  Rendered /home/user/.rvm/gems/ruby-1.9.3-p429@rails3.2.16/gems/actionpack-3.2.16/lib/action_dispatch/middleware/templates/rescues/_request_and_response.erb (0.8ms)
  Rendered /home/user/.rvm/gems/ruby-1.9.3-p429@rails3.2.16/gems/actionpack-3.2.16/lib/action_dispatch/middleware/templates/rescues/template_error.erb within rescues/layout (6.8ms)


Started GET "/employees/new" for 127.0.0.1 at 2014-03-27 14:17:02 +0530
Processing by EmployeesController#new as HTML
  Rendered employees/_form.html.erb (2.7ms)
  Rendered employees/new.html.erb within layouts/application (3.4ms)
Completed 500 Internal Server Error in 5.1ms

ActionView::Template::Error (undefined method `map' for #<Employee:0xb4a8d0e0>):
    17:   </div>
    18:   <div class="field">
    19:     <%= f.label :manager_id %><br />
    20:     <%= select_tag "employee[manager_id]" ,options_from_collection_for_select(@employee, "id", "name")%>
    21:   </div>
    22:   <div class="actions">
    23:     <%= f.submit %>
  app/views/employees/_form.html.erb:20:in `block in _app_views_employees__form_html_erb__498778463__617391408'
  app/views/employees/_form.html.erb:1:in `_app_views_employees__form_html_erb__498778463__617391408'
  app/views/employees/new.html.erb:3:in `_app_views_employees_new_html_erb__739008619__622290878'
  app/controllers/employees_controller.rb:29:in `new'


  Rendered /home/user/.rvm/gems/ruby-1.9.3-p429@rails3.2.16/gems/actionpack-3.2.16/lib/action_dispatch/middleware/templates/rescues/_trace.erb (1.3ms)
  Rendered /home/user/.rvm/gems/ruby-1.9.3-p429@rails3.2.16/gems/actionpack-3.2.16/lib/action_dispatch/middleware/templates/rescues/_request_and_response.erb (0.8ms)
  Rendered /home/user/.rvm/gems/ruby-1.9.3-p429@rails3.2.16/gems/actionpack-3.2.16/lib/action_dispatch/middleware/templates/rescues/template_error.erb within rescues/layout (7.3ms)


Started GET "/employees/new" for 127.0.0.1 at 2014-03-27 14:18:56 +0530
Processing by EmployeesController#new as HTML
  [1m[35mEmployee Load (0.1ms)[0m  SELECT "employees".* FROM "employees" 
  Rendered employees/_form.html.erb (6.4ms)
  Rendered employees/new.html.erb within layouts/application (6.8ms)
Completed 500 Internal Server Error in 13.1ms

ActionView::Template::Error (undefined method `select_tag' for #<ActionView::Helpers::FormBuilder:0xb660500c>):
    17:   </div>
    18:   <div class="field">
    19:     <%= f.label :manager_id %><br />
    20:     <%= f.select_tag "manager_id" ,options_from_collection_for_select(@employees, "id", "name")%>
    21:   </div>
    22:   <div class="actions">
    23:     <%= f.submit %>
  app/views/employees/_form.html.erb:20:in `block in _app_views_employees__form_html_erb__498778463__618017398'
  app/views/employees/_form.html.erb:1:in `_app_views_employees__form_html_erb__498778463__618017398'
  app/views/employees/new.html.erb:3:in `_app_views_employees_new_html_erb__739008619__622290878'
  app/controllers/employees_controller.rb:30:in `new'


  Rendered /home/user/.rvm/gems/ruby-1.9.3-p429@rails3.2.16/gems/actionpack-3.2.16/lib/action_dispatch/middleware/templates/rescues/_trace.erb (1.0ms)
  Rendered /home/user/.rvm/gems/ruby-1.9.3-p429@rails3.2.16/gems/actionpack-3.2.16/lib/action_dispatch/middleware/templates/rescues/_request_and_response.erb (0.7ms)
  Rendered /home/user/.rvm/gems/ruby-1.9.3-p429@rails3.2.16/gems/actionpack-3.2.16/lib/action_dispatch/middleware/templates/rescues/template_error.erb within rescues/layout (6.7ms)


Started GET "/employees/new" for 127.0.0.1 at 2014-03-27 14:19:04 +0530
Processing by EmployeesController#new as HTML
  [1m[36mEmployee Load (0.3ms)[0m  [1mSELECT "employees".* FROM "employees" [0m
  Rendered employees/_form.html.erb (2.3ms)
  Rendered employees/new.html.erb within layouts/application (3.0ms)
Completed 200 OK in 8.4ms (Views: 6.7ms | ActiveRecord: 0.3ms)


Started GET "/assets/application.css?body=1" for 127.0.0.1 at 2014-03-27 14:19:04 +0530
Served asset /application.css - 200 OK (0ms)


Started GET "/assets/scaffolds.css?body=1" for 127.0.0.1 at 2014-03-27 14:19:04 +0530
Served asset /scaffolds.css - 200 OK (0ms)


Started GET "/assets/employees.css?body=1" for 127.0.0.1 at 2014-03-27 14:19:04 +0530
Served asset /employees.css - 200 OK (0ms)


Started GET "/assets/application.js?body=1" for 127.0.0.1 at 2014-03-27 14:19:04 +0530
Served asset /application.js - 200 OK (0ms)


Started GET "/assets/jquery.js?body=1" for 127.0.0.1 at 2014-03-27 14:19:04 +0530
Served asset /jquery.js - 200 OK (0ms)


Started GET "/assets/employees.js?body=1" for 127.0.0.1 at 2014-03-27 14:19:04 +0530
Served asset /employees.js - 200 OK (0ms)


Started GET "/assets/jquery_ujs.js?body=1" for 127.0.0.1 at 2014-03-27 14:19:04 +0530
Served asset /jquery_ujs.js - 200 OK (0ms)


Started POST "/employees" for 127.0.0.1 at 2014-03-27 14:19:17 +0530
Processing by EmployeesController#create as HTML
  Parameters: {"utf8"=>"✓", "authenticity_token"=>"hT5DgOarTTubWFAr4nq8AqELKxEd0syiiUOijhL7/XQ=", "employee"=>{"name"=>"CEO"}, "commit"=>"Create Employee"}
  [1m[35m (0.1ms)[0m  begin transaction
  [1m[36mSQL (6.3ms)[0m  [1mINSERT INTO "employees" ("created_at", "manager_id", "name", "updated_at") VALUES (?, ?, ?, ?)[0m  [["created_at", Thu, 27 Mar 2014 08:49:17 UTC +00:00], ["manager_id", nil], ["name", "CEO"], ["updated_at", Thu, 27 Mar 2014 08:49:17 UTC +00:00]]
  [1m[35m (124.0ms)[0m  commit transaction
Redirected to http://localhost:4000/employees/1
Completed 302 Found in 134.9ms (ActiveRecord: 130.4ms)


Started GET "/employees/1" for 127.0.0.1 at 2014-03-27 14:19:18 +0530
Processing by EmployeesController#show as HTML
  Parameters: {"id"=>"1"}
  [1m[36mEmployee Load (0.3ms)[0m  [1mSELECT "employees".* FROM "employees" WHERE "employees"."id" = ? LIMIT 1[0m  [["id", "1"]]
  Rendered employees/show.html.erb within layouts/application (1.8ms)
Completed 200 OK in 10.0ms (Views: 7.3ms | ActiveRecord: 0.3ms)


Started GET "/assets/application.css?body=1" for 127.0.0.1 at 2014-03-27 14:19:18 +0530
Served asset /application.css - 304 Not Modified (5ms)


Started GET "/assets/employees.css?body=1" for 127.0.0.1 at 2014-03-27 14:19:18 +0530
Served asset /employees.css - 304 Not Modified (0ms)


Started GET "/assets/jquery.js?body=1" for 127.0.0.1 at 2014-03-27 14:19:18 +0530
Served asset /jquery.js - 304 Not Modified (3ms)


Started GET "/assets/employees.js?body=1" for 127.0.0.1 at 2014-03-27 14:19:18 +0530
Served asset /employees.js - 304 Not Modified (0ms)


Started GET "/assets/jquery_ujs.js?body=1" for 127.0.0.1 at 2014-03-27 14:19:18 +0530
Served asset /jquery_ujs.js - 304 Not Modified (0ms)


Started GET "/assets/scaffolds.css?body=1" for 127.0.0.1 at 2014-03-27 14:19:18 +0530
Served asset /scaffolds.css - 304 Not Modified (0ms)


Started GET "/assets/application.js?body=1" for 127.0.0.1 at 2014-03-27 14:19:18 +0530
Served asset /application.js - 304 Not Modified (0ms)


Started GET "/employees" for 127.0.0.1 at 2014-03-27 14:19:19 +0530
Processing by EmployeesController#index as HTML
  [1m[35mEmployee Load (0.2ms)[0m  SELECT "employees".* FROM "employees" 
  Rendered employees/index.html.erb within layouts/application (1.1ms)
Completed 200 OK in 7.4ms (Views: 5.6ms | ActiveRecord: 0.2ms)


Started GET "/assets/application.css?body=1" for 127.0.0.1 at 2014-03-27 14:19:19 +0530
Served asset /application.css - 304 Not Modified (0ms)


Started GET "/assets/employees.css?body=1" for 127.0.0.1 at 2014-03-27 14:19:19 +0530
Served asset /employees.css - 304 Not Modified (0ms)


Started GET "/assets/scaffolds.css?body=1" for 127.0.0.1 at 2014-03-27 14:19:19 +0530
Served asset /scaffolds.css - 304 Not Modified (0ms)


Started GET "/assets/jquery.js?body=1" for 127.0.0.1 at 2014-03-27 14:19:20 +0530
Served asset /jquery.js - 304 Not Modified (1ms)


Started GET "/assets/employees.js?body=1" for 127.0.0.1 at 2014-03-27 14:19:20 +0530
Served asset /employees.js - 304 Not Modified (0ms)


Started GET "/assets/jquery_ujs.js?body=1" for 127.0.0.1 at 2014-03-27 14:19:20 +0530
Served asset /jquery_ujs.js - 304 Not Modified (0ms)


Started GET "/assets/application.js?body=1" for 127.0.0.1 at 2014-03-27 14:19:20 +0530
Served asset /application.js - 304 Not Modified (1ms)


Started GET "/employees/new" for 127.0.0.1 at 2014-03-27 14:19:28 +0530
Processing by EmployeesController#new as HTML
  [1m[36mEmployee Load (0.1ms)[0m  [1mSELECT "employees".* FROM "employees" [0m
  Rendered employees/_form.html.erb (1.8ms)
  Rendered employees/new.html.erb within layouts/application (2.7ms)
Completed 200 OK in 6.9ms (Views: 6.2ms | ActiveRecord: 0.1ms)


Started GET "/assets/application.css?body=1" for 127.0.0.1 at 2014-03-27 14:19:28 +0530
Served asset /application.css - 304 Not Modified (1ms)


Started GET "/assets/jquery.js?body=1" for 127.0.0.1 at 2014-03-27 14:19:28 +0530
Served asset /jquery.js - 304 Not Modified (4ms)


Started GET "/assets/employees.css?body=1" for 127.0.0.1 at 2014-03-27 14:19:28 +0530
Served asset /employees.css - 304 Not Modified (0ms)


Started GET "/assets/scaffolds.css?body=1" for 127.0.0.1 at 2014-03-27 14:19:28 +0530
Served asset /scaffolds.css - 304 Not Modified (0ms)


Started GET "/assets/jquery_ujs.js?body=1" for 127.0.0.1 at 2014-03-27 14:19:28 +0530
Served asset /jquery_ujs.js - 304 Not Modified (0ms)


Started GET "/assets/employees.js?body=1" for 127.0.0.1 at 2014-03-27 14:19:28 +0530
Served asset /employees.js - 304 Not Modified (0ms)


Started GET "/assets/application.js?body=1" for 127.0.0.1 at 2014-03-27 14:19:28 +0530
Served asset /application.js - 304 Not Modified (1ms)


Started GET "/employees/new" for 127.0.0.1 at 2014-03-27 14:20:07 +0530
Processing by EmployeesController#new as HTML
  [1m[35mEmployee Load (0.2ms)[0m  SELECT "employees".* FROM "employees" WHERE (name != 'CEO')
  Rendered employees/_form.html.erb (4.1ms)
  Rendered employees/new.html.erb within layouts/application (4.8ms)
Completed 200 OK in 16.7ms (Views: 9.1ms | ActiveRecord: 0.7ms)


Started GET "/assets/application.css?body=1" for 127.0.0.1 at 2014-03-27 14:20:07 +0530
Served asset /application.css - 200 OK (0ms)


Started GET "/assets/employees.css?body=1" for 127.0.0.1 at 2014-03-27 14:20:07 +0530
Served asset /employees.css - 200 OK (0ms)


Started GET "/assets/scaffolds.css?body=1" for 127.0.0.1 at 2014-03-27 14:20:07 +0530
Served asset /scaffolds.css - 200 OK (0ms)


Started GET "/assets/application.js?body=1" for 127.0.0.1 at 2014-03-27 14:20:07 +0530
Served asset /application.js - 200 OK (8ms)


Started GET "/assets/jquery.js?body=1" for 127.0.0.1 at 2014-03-27 14:20:07 +0530
Served asset /jquery.js - 200 OK (1ms)


Started GET "/assets/jquery_ujs.js?body=1" for 127.0.0.1 at 2014-03-27 14:20:07 +0530
Served asset /jquery_ujs.js - 200 OK (0ms)


Started GET "/assets/employees.js?body=1" for 127.0.0.1 at 2014-03-27 14:20:07 +0530
Served asset /employees.js - 200 OK (0ms)


Started POST "/employees" for 127.0.0.1 at 2014-03-27 14:20:16 +0530
Processing by EmployeesController#create as HTML
  Parameters: {"utf8"=>"✓", "authenticity_token"=>"hT5DgOarTTubWFAr4nq8AqELKxEd0syiiUOijhL7/XQ=", "employee"=>{"name"=>"Manager1"}, "commit"=>"Create Employee"}
  [1m[36m (0.2ms)[0m  [1mbegin transaction[0m
  [1m[35mSQL (0.7ms)[0m  INSERT INTO "employees" ("created_at", "manager_id", "name", "updated_at") VALUES (?, ?, ?, ?)  [["created_at", Thu, 27 Mar 2014 08:50:16 UTC +00:00], ["manager_id", nil], ["name", "Manager1"], ["updated_at", Thu, 27 Mar 2014 08:50:16 UTC +00:00]]
  [1m[36m (117.9ms)[0m  [1mcommit transaction[0m
Redirected to http://localhost:4000/employees/2
Completed 302 Found in 126.0ms (ActiveRecord: 118.8ms)


Started GET "/employees/2" for 127.0.0.1 at 2014-03-27 14:20:16 +0530
Processing by EmployeesController#show as HTML
  Parameters: {"id"=>"2"}
  [1m[35mEmployee Load (0.3ms)[0m  SELECT "employees".* FROM "employees" WHERE "employees"."id" = ? LIMIT 1  [["id", "2"]]
  Rendered employees/show.html.erb within layouts/application (1.0ms)
Completed 200 OK in 8.5ms (Views: 6.1ms | ActiveRecord: 0.3ms)


Started GET "/assets/application.css?body=1" for 127.0.0.1 at 2014-03-27 14:20:16 +0530
Served asset /application.css - 304 Not Modified (0ms)


Started GET "/assets/jquery.js?body=1" for 127.0.0.1 at 2014-03-27 14:20:16 +0530
Served asset /jquery.js - 304 Not Modified (0ms)


Started GET "/assets/employees.js?body=1" for 127.0.0.1 at 2014-03-27 14:20:16 +0530
Served asset /employees.js - 304 Not Modified (0ms)


Started GET "/assets/employees.css?body=1" for 127.0.0.1 at 2014-03-27 14:20:16 +0530
Served asset /employees.css - 304 Not Modified (0ms)


Started GET "/assets/jquery_ujs.js?body=1" for 127.0.0.1 at 2014-03-27 14:20:16 +0530
Served asset /jquery_ujs.js - 304 Not Modified (0ms)


Started GET "/assets/scaffolds.css?body=1" for 127.0.0.1 at 2014-03-27 14:20:16 +0530
Served asset /scaffolds.css - 304 Not Modified (0ms)


Started GET "/assets/application.js?body=1" for 127.0.0.1 at 2014-03-27 14:20:16 +0530
Served asset /application.js - 304 Not Modified (1ms)


Started GET "/employees" for 127.0.0.1 at 2014-03-27 14:20:17 +0530
Processing by EmployeesController#index as HTML
  [1m[36mEmployee Load (0.1ms)[0m  [1mSELECT "employees".* FROM "employees" [0m
  Rendered employees/index.html.erb within layouts/application (1.9ms)
Completed 200 OK in 8.7ms (Views: 7.1ms | ActiveRecord: 0.1ms)


Started GET "/assets/application.css?body=1" for 127.0.0.1 at 2014-03-27 14:20:17 +0530
Served asset /application.css - 304 Not Modified (2ms)


Started GET "/assets/employees.css?body=1" for 127.0.0.1 at 2014-03-27 14:20:17 +0530
Served asset /employees.css - 304 Not Modified (0ms)


Started GET "/assets/scaffolds.css?body=1" for 127.0.0.1 at 2014-03-27 14:20:17 +0530
Served asset /scaffolds.css - 304 Not Modified (0ms)


Started GET "/assets/employees.js?body=1" for 127.0.0.1 at 2014-03-27 14:20:17 +0530
Served asset /employees.js - 304 Not Modified (0ms)


Started GET "/assets/jquery_ujs.js?body=1" for 127.0.0.1 at 2014-03-27 14:20:17 +0530
Served asset /jquery_ujs.js - 304 Not Modified (0ms)


Started GET "/assets/jquery.js?body=1" for 127.0.0.1 at 2014-03-27 14:20:17 +0530
Served asset /jquery.js - 304 Not Modified (1ms)


Started GET "/assets/application.js?body=1" for 127.0.0.1 at 2014-03-27 14:20:17 +0530
Served asset /application.js - 304 Not Modified (1ms)


Started GET "/employees/new" for 127.0.0.1 at 2014-03-27 14:20:18 +0530
Processing by EmployeesController#new as HTML
  [1m[35mEmployee Load (0.3ms)[0m  SELECT "employees".* FROM "employees" WHERE (name != 'CEO')
  Rendered employees/_form.html.erb (4.1ms)
  Rendered employees/new.html.erb within layouts/application (4.8ms)
Completed 200 OK in 9.1ms (Views: 8.5ms | ActiveRecord: 0.3ms)


Started GET "/assets/application.css?body=1" for 127.0.0.1 at 2014-03-27 14:20:18 +0530
Served asset /application.css - 304 Not Modified (0ms)


Started GET "/assets/scaffolds.css?body=1" for 127.0.0.1 at 2014-03-27 14:20:18 +0530
Served asset /scaffolds.css - 304 Not Modified (0ms)


Started GET "/assets/employees.css?body=1" for 127.0.0.1 at 2014-03-27 14:20:18 +0530
Served asset /employees.css - 304 Not Modified (0ms)


Started GET "/assets/jquery.js?body=1" for 127.0.0.1 at 2014-03-27 14:20:18 +0530
Served asset /jquery.js - 304 Not Modified (2ms)


Started GET "/assets/jquery_ujs.js?body=1" for 127.0.0.1 at 2014-03-27 14:20:18 +0530
Served asset /jquery_ujs.js - 304 Not Modified (0ms)


Started GET "/assets/application.js?body=1" for 127.0.0.1 at 2014-03-27 14:20:18 +0530
Served asset /application.js - 304 Not Modified (1ms)


Started GET "/assets/employees.js?body=1" for 127.0.0.1 at 2014-03-27 14:20:18 +0530
Served asset /employees.js - 304 Not Modified (0ms)


Started POST "/employees" for 127.0.0.1 at 2014-03-27 14:20:31 +0530
Processing by EmployeesController#create as HTML
  Parameters: {"utf8"=>"✓", "authenticity_token"=>"hT5DgOarTTubWFAr4nq8AqELKxEd0syiiUOijhL7/XQ=", "employee"=>{"name"=>"Manager2", "manager_id"=>"2"}, "commit"=>"Create Employee"}
  [1m[36m (0.1ms)[0m  [1mbegin transaction[0m
  [1m[35mSQL (0.4ms)[0m  INSERT INTO "employees" ("created_at", "manager_id", "name", "updated_at") VALUES (?, ?, ?, ?)  [["created_at", Thu, 27 Mar 2014 08:50:31 UTC +00:00], ["manager_id", 2], ["name", "Manager2"], ["updated_at", Thu, 27 Mar 2014 08:50:31 UTC +00:00]]
  [1m[36m (113.6ms)[0m  [1mcommit transaction[0m
Redirected to http://localhost:4000/employees/3
Completed 302 Found in 117.1ms (ActiveRecord: 114.1ms)


Started GET "/employees/3" for 127.0.0.1 at 2014-03-27 14:20:31 +0530
Processing by EmployeesController#show as HTML
  Parameters: {"id"=>"3"}
  [1m[35mEmployee Load (0.1ms)[0m  SELECT "employees".* FROM "employees" WHERE "employees"."id" = ? LIMIT 1  [["id", "3"]]
  Rendered employees/show.html.erb within layouts/application (0.6ms)
Completed 200 OK in 5.9ms (Views: 5.0ms | ActiveRecord: 0.1ms)


Started GET "/assets/application.css?body=1" for 127.0.0.1 at 2014-03-27 14:20:31 +0530
Served asset /application.css - 304 Not Modified (0ms)


Started GET "/assets/employees.css?body=1" for 127.0.0.1 at 2014-03-27 14:20:31 +0530
Served asset /employees.css - 304 Not Modified (0ms)


Started GET "/assets/scaffolds.css?body=1" for 127.0.0.1 at 2014-03-27 14:20:31 +0530
Served asset /scaffolds.css - 304 Not Modified (0ms)


Started GET "/assets/jquery.js?body=1" for 127.0.0.1 at 2014-03-27 14:20:31 +0530
Served asset /jquery.js - 304 Not Modified (1ms)


Started GET "/assets/jquery_ujs.js?body=1" for 127.0.0.1 at 2014-03-27 14:20:31 +0530
Served asset /jquery_ujs.js - 304 Not Modified (0ms)


Started GET "/assets/employees.js?body=1" for 127.0.0.1 at 2014-03-27 14:20:31 +0530
Served asset /employees.js - 304 Not Modified (0ms)


Started GET "/assets/application.js?body=1" for 127.0.0.1 at 2014-03-27 14:20:31 +0530
Served asset /application.js - 304 Not Modified (1ms)


Started GET "/employees" for 127.0.0.1 at 2014-03-27 14:20:32 +0530
Processing by EmployeesController#index as HTML
  [1m[36mEmployee Load (0.1ms)[0m  [1mSELECT "employees".* FROM "employees" [0m
  Rendered employees/index.html.erb within layouts/application (2.0ms)
Completed 200 OK in 5.7ms (Views: 5.0ms | ActiveRecord: 0.1ms)


Started GET "/assets/application.css?body=1" for 127.0.0.1 at 2014-03-27 14:20:32 +0530
Served asset /application.css - 304 Not Modified (0ms)


Started GET "/assets/jquery.js?body=1" for 127.0.0.1 at 2014-03-27 14:20:32 +0530
Served asset /jquery.js - 304 Not Modified (6ms)


Started GET "/assets/employees.css?body=1" for 127.0.0.1 at 2014-03-27 14:20:32 +0530
Served asset /employees.css - 304 Not Modified (0ms)


Started GET "/assets/jquery_ujs.js?body=1" for 127.0.0.1 at 2014-03-27 14:20:32 +0530
Served asset /jquery_ujs.js - 304 Not Modified (0ms)


Started GET "/assets/scaffolds.css?body=1" for 127.0.0.1 at 2014-03-27 14:20:32 +0530
Served asset /scaffolds.css - 304 Not Modified (0ms)


Started GET "/assets/employees.js?body=1" for 127.0.0.1 at 2014-03-27 14:20:32 +0530
Served asset /employees.js - 304 Not Modified (0ms)


Started GET "/assets/application.js?body=1" for 127.0.0.1 at 2014-03-27 14:20:32 +0530
Served asset /application.js - 304 Not Modified (1ms)


Started GET "/employees/new" for 127.0.0.1 at 2014-03-27 14:20:33 +0530
Processing by EmployeesController#new as HTML
  [1m[35mEmployee Load (0.2ms)[0m  SELECT "employees".* FROM "employees" WHERE (name != 'CEO')
  Rendered employees/_form.html.erb (2.5ms)
  Rendered employees/new.html.erb within layouts/application (3.1ms)
Completed 200 OK in 6.9ms (Views: 6.3ms | ActiveRecord: 0.2ms)


Started GET "/assets/application.css?body=1" for 127.0.0.1 at 2014-03-27 14:20:33 +0530
Served asset /application.css - 304 Not Modified (0ms)


Started GET "/assets/jquery_ujs.js?body=1" for 127.0.0.1 at 2014-03-27 14:20:33 +0530
Served asset /jquery_ujs.js - 304 Not Modified (7ms)


Started GET "/assets/jquery.js?body=1" for 127.0.0.1 at 2014-03-27 14:20:33 +0530
Served asset /jquery.js - 304 Not Modified (0ms)


Started GET "/assets/employees.css?body=1" for 127.0.0.1 at 2014-03-27 14:20:33 +0530
Served asset /employees.css - 304 Not Modified (0ms)


Started GET "/assets/scaffolds.css?body=1" for 127.0.0.1 at 2014-03-27 14:20:33 +0530
Served asset /scaffolds.css - 304 Not Modified (0ms)


Started GET "/assets/application.js?body=1" for 127.0.0.1 at 2014-03-27 14:20:33 +0530
Served asset /application.js - 304 Not Modified (1ms)


Started GET "/assets/employees.js?body=1" for 127.0.0.1 at 2014-03-27 14:20:33 +0530
Served asset /employees.js - 304 Not Modified (0ms)


Started POST "/employees" for 127.0.0.1 at 2014-03-27 14:20:40 +0530
Processing by EmployeesController#create as HTML
  Parameters: {"utf8"=>"✓", "authenticity_token"=>"hT5DgOarTTubWFAr4nq8AqELKxEd0syiiUOijhL7/XQ=", "employee"=>{"name"=>"Manager3", "manager_id"=>"2"}, "commit"=>"Create Employee"}
  [1m[36m (0.1ms)[0m  [1mbegin transaction[0m
  [1m[35mSQL (0.3ms)[0m  INSERT INTO "employees" ("created_at", "manager_id", "name", "updated_at") VALUES (?, ?, ?, ?)  [["created_at", Thu, 27 Mar 2014 08:50:40 UTC +00:00], ["manager_id", 2], ["name", "Manager3"], ["updated_at", Thu, 27 Mar 2014 08:50:40 UTC +00:00]]
  [1m[36m (117.4ms)[0m  [1mcommit transaction[0m
Redirected to http://localhost:4000/employees/4
Completed 302 Found in 120.6ms (ActiveRecord: 117.8ms)


Started GET "/employees/4" for 127.0.0.1 at 2014-03-27 14:20:40 +0530
Processing by EmployeesController#show as HTML
  Parameters: {"id"=>"4"}
  [1m[35mEmployee Load (0.1ms)[0m  SELECT "employees".* FROM "employees" WHERE "employees"."id" = ? LIMIT 1  [["id", "4"]]
  Rendered employees/show.html.erb within layouts/application (0.6ms)
Completed 200 OK in 6.2ms (Views: 5.3ms | ActiveRecord: 0.1ms)


Started GET "/assets/application.css?body=1" for 127.0.0.1 at 2014-03-27 14:20:40 +0530
Served asset /application.css - 304 Not Modified (0ms)


Started GET "/assets/employees.css?body=1" for 127.0.0.1 at 2014-03-27 14:20:40 +0530
Served asset /employees.css - 304 Not Modified (0ms)


Started GET "/assets/jquery.js?body=1" for 127.0.0.1 at 2014-03-27 14:20:40 +0530
Served asset /jquery.js - 304 Not Modified (1ms)


Started GET "/assets/scaffolds.css?body=1" for 127.0.0.1 at 2014-03-27 14:20:40 +0530
Served asset /scaffolds.css - 304 Not Modified (0ms)


Started GET "/assets/jquery_ujs.js?body=1" for 127.0.0.1 at 2014-03-27 14:20:40 +0530
Served asset /jquery_ujs.js - 304 Not Modified (0ms)


Started GET "/assets/application.js?body=1" for 127.0.0.1 at 2014-03-27 14:20:40 +0530
Served asset /application.js - 304 Not Modified (1ms)


Started GET "/assets/employees.js?body=1" for 127.0.0.1 at 2014-03-27 14:20:40 +0530
Served asset /employees.js - 304 Not Modified (0ms)


Started GET "/employees" for 127.0.0.1 at 2014-03-27 14:20:45 +0530
Processing by EmployeesController#index as HTML
  [1m[36mEmployee Load (0.2ms)[0m  [1mSELECT "employees".* FROM "employees" [0m
  Rendered employees/index.html.erb within layouts/application (3.8ms)
Completed 200 OK in 9.1ms (Views: 7.4ms | ActiveRecord: 0.2ms)


Started GET "/assets/application.css?body=1" for 127.0.0.1 at 2014-03-27 14:20:45 +0530
Served asset /application.css - 304 Not Modified (0ms)


Started GET "/assets/employees.css?body=1" for 127.0.0.1 at 2014-03-27 14:20:45 +0530
Served asset /employees.css - 304 Not Modified (0ms)


Started GET "/assets/scaffolds.css?body=1" for 127.0.0.1 at 2014-03-27 14:20:45 +0530
Served asset /scaffolds.css - 304 Not Modified (0ms)


Started GET "/assets/jquery_ujs.js?body=1" for 127.0.0.1 at 2014-03-27 14:20:45 +0530
Served asset /jquery_ujs.js - 304 Not Modified (0ms)


Started GET "/assets/jquery.js?body=1" for 127.0.0.1 at 2014-03-27 14:20:45 +0530
Served asset /jquery.js - 304 Not Modified (1ms)


Started GET "/assets/employees.js?body=1" for 127.0.0.1 at 2014-03-27 14:20:45 +0530
Served asset /employees.js - 304 Not Modified (0ms)


Started GET "/assets/application.js?body=1" for 127.0.0.1 at 2014-03-27 14:20:45 +0530
Served asset /application.js - 304 Not Modified (1ms)


Started DELETE "/employees/3" for 127.0.0.1 at 2014-03-27 14:20:52 +0530
Processing by EmployeesController#destroy as HTML
  Parameters: {"authenticity_token"=>"hT5DgOarTTubWFAr4nq8AqELKxEd0syiiUOijhL7/XQ=", "id"=>"3"}
  [1m[35mEmployee Load (0.1ms)[0m  SELECT "employees".* FROM "employees" WHERE "employees"."id" = ? LIMIT 1  [["id", "3"]]
  [1m[36m (0.0ms)[0m  [1mbegin transaction[0m
  [1m[35mSQL (0.2ms)[0m  DELETE FROM "employees" WHERE "employees"."id" = ?  [["id", 3]]
  [1m[36m (129.3ms)[0m  [1mcommit transaction[0m
Redirected to http://localhost:4000/employees
Completed 302 Found in 132.0ms (ActiveRecord: 129.6ms)


Started GET "/employees" for 127.0.0.1 at 2014-03-27 14:20:52 +0530
Processing by EmployeesController#index as HTML
  [1m[35mEmployee Load (0.2ms)[0m  SELECT "employees".* FROM "employees" 
  Rendered employees/index.html.erb within layouts/application (2.1ms)
Completed 200 OK in 6.7ms (Views: 5.8ms | ActiveRecord: 0.2ms)


Started GET "/assets/application.css?body=1" for 127.0.0.1 at 2014-03-27 14:20:52 +0530
Served asset /application.css - 304 Not Modified (0ms)


Started GET "/assets/jquery.js?body=1" for 127.0.0.1 at 2014-03-27 14:20:52 +0530
Served asset /jquery.js - 304 Not Modified (6ms)


Started GET "/assets/employees.css?body=1" for 127.0.0.1 at 2014-03-27 14:20:52 +0530
Served asset /employees.css - 304 Not Modified (0ms)


Started GET "/assets/jquery_ujs.js?body=1" for 127.0.0.1 at 2014-03-27 14:20:52 +0530
Served asset /jquery_ujs.js - 304 Not Modified (0ms)


Started GET "/assets/scaffolds.css?body=1" for 127.0.0.1 at 2014-03-27 14:20:52 +0530
Served asset /scaffolds.css - 304 Not Modified (0ms)


Started GET "/assets/application.js?body=1" for 127.0.0.1 at 2014-03-27 14:20:52 +0530
Served asset /application.js - 304 Not Modified (1ms)


Started GET "/assets/employees.js?body=1" for 127.0.0.1 at 2014-03-27 14:20:52 +0530
Served asset /employees.js - 304 Not Modified (0ms)


Started DELETE "/employees/4" for 127.0.0.1 at 2014-03-27 14:20:54 +0530
Processing by EmployeesController#destroy as HTML
  Parameters: {"authenticity_token"=>"hT5DgOarTTubWFAr4nq8AqELKxEd0syiiUOijhL7/XQ=", "id"=>"4"}
  [1m[36mEmployee Load (0.2ms)[0m  [1mSELECT "employees".* FROM "employees" WHERE "employees"."id" = ? LIMIT 1[0m  [["id", "4"]]
  [1m[35m (0.1ms)[0m  begin transaction
  [1m[36mSQL (0.2ms)[0m  [1mDELETE FROM "employees" WHERE "employees"."id" = ?[0m  [["id", 4]]
  [1m[35m (117.9ms)[0m  commit transaction
Redirected to http://localhost:4000/employees
Completed 302 Found in 121.0ms (ActiveRecord: 118.4ms)


Started GET "/employees" for 127.0.0.1 at 2014-03-27 14:20:54 +0530
Processing by EmployeesController#index as HTML
  [1m[36mEmployee Load (0.2ms)[0m  [1mSELECT "employees".* FROM "employees" [0m
  Rendered employees/index.html.erb within layouts/application (2.2ms)
Completed 200 OK in 9.2ms (Views: 8.1ms | ActiveRecord: 0.2ms)


Started GET "/assets/application.css?body=1" for 127.0.0.1 at 2014-03-27 14:20:54 +0530
Served asset /application.css - 304 Not Modified (0ms)


Started GET "/assets/scaffolds.css?body=1" for 127.0.0.1 at 2014-03-27 14:20:54 +0530
Served asset /scaffolds.css - 304 Not Modified (0ms)


Started GET "/assets/jquery.js?body=1" for 127.0.0.1 at 2014-03-27 14:20:54 +0530
Served asset /jquery.js - 304 Not Modified (1ms)


Started GET "/assets/employees.css?body=1" for 127.0.0.1 at 2014-03-27 14:20:54 +0530
Served asset /employees.css - 304 Not Modified (0ms)


Started GET "/assets/jquery_ujs.js?body=1" for 127.0.0.1 at 2014-03-27 14:20:54 +0530
Served asset /jquery_ujs.js - 304 Not Modified (0ms)


Started GET "/assets/employees.js?body=1" for 127.0.0.1 at 2014-03-27 14:20:54 +0530
Served asset /employees.js - 304 Not Modified (0ms)


Started GET "/assets/application.js?body=1" for 127.0.0.1 at 2014-03-27 14:20:54 +0530
Served asset /application.js - 304 Not Modified (0ms)


Started GET "/employees" for 127.0.0.1 at 2014-03-27 14:21:25 +0530
Processing by EmployeesController#index as HTML
  [1m[35mEmployee Load (0.2ms)[0m  SELECT "employees".* FROM "employees" 
  Rendered employees/index.html.erb within layouts/application (2.7ms)
Completed 200 OK in 8.4ms (Views: 7.2ms | ActiveRecord: 0.2ms)


Started GET "/assets/application.css?body=1" for 127.0.0.1 at 2014-03-27 14:21:25 +0530
Served asset /application.css - 200 OK (1ms)


Started GET "/assets/employees.css?body=1" for 127.0.0.1 at 2014-03-27 14:21:25 +0530
Served asset /employees.css - 200 OK (0ms)


Started GET "/assets/jquery_ujs.js?body=1" for 127.0.0.1 at 2014-03-27 14:21:25 +0530
Served asset /jquery_ujs.js - 200 OK (0ms)


Started GET "/assets/scaffolds.css?body=1" for 127.0.0.1 at 2014-03-27 14:21:25 +0530
Served asset /scaffolds.css - 200 OK (0ms)


Started GET "/assets/jquery.js?body=1" for 127.0.0.1 at 2014-03-27 14:21:25 +0530
Served asset /jquery.js - 200 OK (0ms)


Started GET "/assets/employees.js?body=1" for 127.0.0.1 at 2014-03-27 14:21:25 +0530
Served asset /employees.js - 200 OK (0ms)


Started GET "/assets/application.js?body=1" for 127.0.0.1 at 2014-03-27 14:21:25 +0530
Served asset /application.js - 200 OK (0ms)


Started GET "/employees/new" for 127.0.0.1 at 2014-03-27 14:21:27 +0530
Processing by EmployeesController#new as HTML
  [1m[36mEmployee Load (0.2ms)[0m  [1mSELECT "employees".* FROM "employees" WHERE (name != 'CEO')[0m
  Rendered employees/_form.html.erb (2.8ms)
  Rendered employees/new.html.erb within layouts/application (3.3ms)
Completed 200 OK in 6.2ms (Views: 5.7ms | ActiveRecord: 0.2ms)


Started GET "/assets/application.css?body=1" for 127.0.0.1 at 2014-03-27 14:21:27 +0530
Served asset /application.css - 304 Not Modified (2ms)


Started GET "/assets/scaffolds.css?body=1" for 127.0.0.1 at 2014-03-27 14:21:27 +0530
Served asset /scaffolds.css - 304 Not Modified (2ms)


Started GET "/assets/jquery.js?body=1" for 127.0.0.1 at 2014-03-27 14:21:27 +0530
Served asset /jquery.js - 304 Not Modified (2ms)


Started GET "/assets/employees.css?body=1" for 127.0.0.1 at 2014-03-27 14:21:27 +0530
Served asset /employees.css - 304 Not Modified (0ms)


Started GET "/assets/employees.js?body=1" for 127.0.0.1 at 2014-03-27 14:21:27 +0530
Served asset /employees.js - 304 Not Modified (0ms)


Started GET "/assets/jquery_ujs.js?body=1" for 127.0.0.1 at 2014-03-27 14:21:27 +0530
Served asset /jquery_ujs.js - 304 Not Modified (0ms)


Started GET "/assets/application.js?body=1" for 127.0.0.1 at 2014-03-27 14:21:27 +0530
Served asset /application.js - 304 Not Modified (1ms)


Started POST "/employees" for 127.0.0.1 at 2014-03-27 14:21:33 +0530
Processing by EmployeesController#create as HTML
  Parameters: {"utf8"=>"✓", "authenticity_token"=>"hT5DgOarTTubWFAr4nq8AqELKxEd0syiiUOijhL7/XQ=", "employee"=>{"name"=>"Manager2", "manager_id"=>""}, "commit"=>"Create Employee"}
  [1m[35m (0.1ms)[0m  begin transaction
  [1m[36mSQL (0.6ms)[0m  [1mINSERT INTO "employees" ("created_at", "manager_id", "name", "updated_at") VALUES (?, ?, ?, ?)[0m  [["created_at", Thu, 27 Mar 2014 08:51:33 UTC +00:00], ["manager_id", nil], ["name", "Manager2"], ["updated_at", Thu, 27 Mar 2014 08:51:33 UTC +00:00]]
  [1m[35m (99.9ms)[0m  commit transaction
Redirected to http://localhost:4000/employees/5
Completed 302 Found in 105.3ms (ActiveRecord: 100.6ms)


Started GET "/employees/5" for 127.0.0.1 at 2014-03-27 14:21:34 +0530
Processing by EmployeesController#show as HTML
  Parameters: {"id"=>"5"}
  [1m[36mEmployee Load (0.1ms)[0m  [1mSELECT "employees".* FROM "employees" WHERE "employees"."id" = ? LIMIT 1[0m  [["id", "5"]]
  Rendered employees/show.html.erb within layouts/application (0.8ms)
Completed 200 OK in 8.5ms (Views: 6.9ms | ActiveRecord: 0.1ms)


Started GET "/assets/application.css?body=1" for 127.0.0.1 at 2014-03-27 14:21:34 +0530
Served asset /application.css - 304 Not Modified (0ms)


Started GET "/assets/employees.css?body=1" for 127.0.0.1 at 2014-03-27 14:21:34 +0530
Served asset /employees.css - 304 Not Modified (0ms)


Started GET "/assets/scaffolds.css?body=1" for 127.0.0.1 at 2014-03-27 14:21:34 +0530
Served asset /scaffolds.css - 304 Not Modified (0ms)


Started GET "/assets/application.js?body=1" for 127.0.0.1 at 2014-03-27 14:21:34 +0530
Served asset /application.js - 304 Not Modified (0ms)


Started GET "/assets/jquery_ujs.js?body=1" for 127.0.0.1 at 2014-03-27 14:21:34 +0530
Served asset /jquery_ujs.js - 304 Not Modified (0ms)


Started GET "/assets/jquery.js?body=1" for 127.0.0.1 at 2014-03-27 14:21:34 +0530
Served asset /jquery.js - 304 Not Modified (0ms)


Started GET "/assets/employees.js?body=1" for 127.0.0.1 at 2014-03-27 14:21:34 +0530
Served asset /employees.js - 304 Not Modified (0ms)


Started GET "/employees" for 127.0.0.1 at 2014-03-27 14:21:35 +0530
Processing by EmployeesController#index as HTML
  [1m[35mEmployee Load (0.1ms)[0m  SELECT "employees".* FROM "employees" 
  Rendered employees/index.html.erb within layouts/application (1.8ms)
Completed 200 OK in 5.2ms (Views: 4.5ms | ActiveRecord: 0.1ms)


Started GET "/assets/application.css?body=1" for 127.0.0.1 at 2014-03-27 14:21:35 +0530
Served asset /application.css - 304 Not Modified (0ms)


Started GET "/assets/employees.css?body=1" for 127.0.0.1 at 2014-03-27 14:21:35 +0530
Served asset /employees.css - 304 Not Modified (0ms)


Started GET "/assets/jquery.js?body=1" for 127.0.0.1 at 2014-03-27 14:21:35 +0530
Served asset /jquery.js - 304 Not Modified (0ms)


Started GET "/assets/jquery_ujs.js?body=1" for 127.0.0.1 at 2014-03-27 14:21:35 +0530
Served asset /jquery_ujs.js - 304 Not Modified (0ms)


Started GET "/assets/scaffolds.css?body=1" for 127.0.0.1 at 2014-03-27 14:21:35 +0530
Served asset /scaffolds.css - 304 Not Modified (0ms)


Started GET "/assets/employees.js?body=1" for 127.0.0.1 at 2014-03-27 14:21:35 +0530
Served asset /employees.js - 304 Not Modified (0ms)


Started GET "/assets/application.js?body=1" for 127.0.0.1 at 2014-03-27 14:21:35 +0530
Served asset /application.js - 304 Not Modified (1ms)


Started GET "/employees/new" for 127.0.0.1 at 2014-03-27 14:21:36 +0530
Processing by EmployeesController#new as HTML
  [1m[36mEmployee Load (0.1ms)[0m  [1mSELECT "employees".* FROM "employees" WHERE (name != 'CEO')[0m
  Rendered employees/_form.html.erb (2.2ms)
  Rendered employees/new.html.erb within layouts/application (2.7ms)
Completed 200 OK in 5.6ms (Views: 5.2ms | ActiveRecord: 0.1ms)


Started GET "/assets/employees.css?body=1" for 127.0.0.1 at 2014-03-27 14:21:36 +0530
Served asset /employees.css - 304 Not Modified (2ms)


Started GET "/assets/application.css?body=1" for 127.0.0.1 at 2014-03-27 14:21:36 +0530
Served asset /application.css - 304 Not Modified (0ms)


Started GET "/assets/scaffolds.css?body=1" for 127.0.0.1 at 2014-03-27 14:21:36 +0530
Served asset /scaffolds.css - 304 Not Modified (0ms)


Started GET "/assets/jquery.js?body=1" for 127.0.0.1 at 2014-03-27 14:21:36 +0530
Served asset /jquery.js - 304 Not Modified (0ms)


Started GET "/assets/jquery_ujs.js?body=1" for 127.0.0.1 at 2014-03-27 14:21:36 +0530
Served asset /jquery_ujs.js - 304 Not Modified (0ms)


Started GET "/assets/employees.js?body=1" for 127.0.0.1 at 2014-03-27 14:21:36 +0530
Served asset /employees.js - 304 Not Modified (0ms)


Started GET "/assets/application.js?body=1" for 127.0.0.1 at 2014-03-27 14:21:36 +0530
Served asset /application.js - 304 Not Modified (1ms)


Started POST "/employees" for 127.0.0.1 at 2014-03-27 14:21:42 +0530
Processing by EmployeesController#create as HTML
  Parameters: {"utf8"=>"✓", "authenticity_token"=>"hT5DgOarTTubWFAr4nq8AqELKxEd0syiiUOijhL7/XQ=", "employee"=>{"name"=>"Manager3", "manager_id"=>""}, "commit"=>"Create Employee"}
  [1m[35m (0.1ms)[0m  begin transaction
  [1m[36mSQL (0.4ms)[0m  [1mINSERT INTO "employees" ("created_at", "manager_id", "name", "updated_at") VALUES (?, ?, ?, ?)[0m  [["created_at", Thu, 27 Mar 2014 08:51:42 UTC +00:00], ["manager_id", nil], ["name", "Manager3"], ["updated_at", Thu, 27 Mar 2014 08:51:42 UTC +00:00]]
  [1m[35m (134.3ms)[0m  commit transaction
Redirected to http://localhost:4000/employees/6
Completed 302 Found in 138.0ms (ActiveRecord: 134.8ms)


Started GET "/employees/6" for 127.0.0.1 at 2014-03-27 14:21:42 +0530
Processing by EmployeesController#show as HTML
  Parameters: {"id"=>"6"}
  [1m[36mEmployee Load (0.1ms)[0m  [1mSELECT "employees".* FROM "employees" WHERE "employees"."id" = ? LIMIT 1[0m  [["id", "6"]]
  Rendered employees/show.html.erb within layouts/application (0.7ms)
Completed 200 OK in 6.1ms (Views: 5.0ms | ActiveRecord: 0.1ms)


Started GET "/assets/application.css?body=1" for 127.0.0.1 at 2014-03-27 14:21:42 +0530
Served asset /application.css - 304 Not Modified (0ms)


Started GET "/assets/scaffolds.css?body=1" for 127.0.0.1 at 2014-03-27 14:21:42 +0530
Served asset /scaffolds.css - 304 Not Modified (1ms)


Started GET "/assets/employees.css?body=1" for 127.0.0.1 at 2014-03-27 14:21:42 +0530
Served asset /employees.css - 304 Not Modified (0ms)


Started GET "/assets/jquery.js?body=1" for 127.0.0.1 at 2014-03-27 14:21:42 +0530
Served asset /jquery.js - 304 Not Modified (0ms)


Started GET "/assets/jquery_ujs.js?body=1" for 127.0.0.1 at 2014-03-27 14:21:42 +0530
Served asset /jquery_ujs.js - 304 Not Modified (1ms)


Started GET "/assets/application.js?body=1" for 127.0.0.1 at 2014-03-27 14:21:42 +0530
Served asset /application.js - 304 Not Modified (0ms)


Started GET "/assets/employees.js?body=1" for 127.0.0.1 at 2014-03-27 14:21:42 +0530
Served asset /employees.js - 304 Not Modified (0ms)


Started GET "/employees" for 127.0.0.1 at 2014-03-27 14:21:43 +0530
Processing by EmployeesController#index as HTML
  [1m[35mEmployee Load (0.2ms)[0m  SELECT "employees".* FROM "employees" 
  Rendered employees/index.html.erb within layouts/application (5.0ms)
Completed 200 OK in 10.8ms (Views: 9.6ms | ActiveRecord: 0.2ms)


Started GET "/assets/application.css?body=1" for 127.0.0.1 at 2014-03-27 14:21:43 +0530
Served asset /application.css - 304 Not Modified (0ms)


Started GET "/assets/employees.css?body=1" for 127.0.0.1 at 2014-03-27 14:21:43 +0530
Served asset /employees.css - 304 Not Modified (0ms)


Started GET "/assets/jquery.js?body=1" for 127.0.0.1 at 2014-03-27 14:21:43 +0530
Served asset /jquery.js - 304 Not Modified (4ms)


Started GET "/assets/scaffolds.css?body=1" for 127.0.0.1 at 2014-03-27 14:21:43 +0530
Served asset /scaffolds.css - 304 Not Modified (0ms)


Started GET "/assets/employees.js?body=1" for 127.0.0.1 at 2014-03-27 14:21:43 +0530
Served asset /employees.js - 304 Not Modified (0ms)


Started GET "/assets/jquery_ujs.js?body=1" for 127.0.0.1 at 2014-03-27 14:21:43 +0530
Served asset /jquery_ujs.js - 304 Not Modified (0ms)


Started GET "/assets/application.js?body=1" for 127.0.0.1 at 2014-03-27 14:21:43 +0530
Served asset /application.js - 304 Not Modified (1ms)


Started GET "/employees/new" for 127.0.0.1 at 2014-03-27 14:21:44 +0530
Processing by EmployeesController#new as HTML
  [1m[36mEmployee Load (0.3ms)[0m  [1mSELECT "employees".* FROM "employees" WHERE (name != 'CEO')[0m
  Rendered employees/_form.html.erb (3.6ms)
  Rendered employees/new.html.erb within layouts/application (4.8ms)
Completed 200 OK in 10.5ms (Views: 9.7ms | ActiveRecord: 0.3ms)


Started GET "/assets/application.css?body=1" for 127.0.0.1 at 2014-03-27 14:21:45 +0530
Served asset /application.css - 304 Not Modified (0ms)


Started GET "/assets/jquery_ujs.js?body=1" for 127.0.0.1 at 2014-03-27 14:21:45 +0530
Served asset /jquery_ujs.js - 304 Not Modified (1ms)


Started GET "/assets/employees.js?body=1" for 127.0.0.1 at 2014-03-27 14:21:45 +0530
Served asset /employees.js - 304 Not Modified (0ms)


Started GET "/assets/jquery.js?body=1" for 127.0.0.1 at 2014-03-27 14:21:45 +0530
Served asset /jquery.js - 304 Not Modified (0ms)


Started GET "/assets/employees.css?body=1" for 127.0.0.1 at 2014-03-27 14:21:45 +0530
Served asset /employees.css - 304 Not Modified (0ms)


Started GET "/assets/scaffolds.css?body=1" for 127.0.0.1 at 2014-03-27 14:21:45 +0530
Served asset /scaffolds.css - 304 Not Modified (0ms)


Started GET "/assets/application.js?body=1" for 127.0.0.1 at 2014-03-27 14:21:45 +0530
Served asset /application.js - 304 Not Modified (1ms)


Started POST "/employees" for 127.0.0.1 at 2014-03-27 14:21:52 +0530
Processing by EmployeesController#create as HTML
  Parameters: {"utf8"=>"✓", "authenticity_token"=>"hT5DgOarTTubWFAr4nq8AqELKxEd0syiiUOijhL7/XQ=", "employee"=>{"name"=>"Employee1", "manager_id"=>"2"}, "commit"=>"Create Employee"}
  [1m[35m (0.1ms)[0m  begin transaction
  [1m[36mSQL (0.4ms)[0m  [1mINSERT INTO "employees" ("created_at", "manager_id", "name", "updated_at") VALUES (?, ?, ?, ?)[0m  [["created_at", Thu, 27 Mar 2014 08:51:52 UTC +00:00], ["manager_id", 2], ["name", "Employee1"], ["updated_at", Thu, 27 Mar 2014 08:51:52 UTC +00:00]]
  [1m[35m (126.7ms)[0m  commit transaction
Redirected to http://localhost:4000/employees/7
Completed 302 Found in 130.8ms (ActiveRecord: 127.2ms)


Started GET "/employees/7" for 127.0.0.1 at 2014-03-27 14:21:52 +0530
Processing by EmployeesController#show as HTML
  Parameters: {"id"=>"7"}
  [1m[36mEmployee Load (0.1ms)[0m  [1mSELECT "employees".* FROM "employees" WHERE "employees"."id" = ? LIMIT 1[0m  [["id", "7"]]
  Rendered employees/show.html.erb within layouts/application (0.4ms)
Completed 200 OK in 3.9ms (Views: 3.2ms | ActiveRecord: 0.1ms)


Started GET "/assets/application.css?body=1" for 127.0.0.1 at 2014-03-27 14:21:52 +0530
Served asset /application.css - 304 Not Modified (0ms)


Started GET "/assets/jquery_ujs.js?body=1" for 127.0.0.1 at 2014-03-27 14:21:52 +0530
Served asset /jquery_ujs.js - 304 Not Modified (0ms)


Started GET "/assets/scaffolds.css?body=1" for 127.0.0.1 at 2014-03-27 14:21:52 +0530
Served asset /scaffolds.css - 304 Not Modified (0ms)


Started GET "/assets/employees.css?body=1" for 127.0.0.1 at 2014-03-27 14:21:52 +0530
Served asset /employees.css - 304 Not Modified (1ms)


Started GET "/assets/jquery.js?body=1" for 127.0.0.1 at 2014-03-27 14:21:52 +0530
Served asset /jquery.js - 304 Not Modified (0ms)


Started GET "/assets/application.js?body=1" for 127.0.0.1 at 2014-03-27 14:21:52 +0530
Served asset /application.js - 304 Not Modified (1ms)


Started GET "/assets/employees.js?body=1" for 127.0.0.1 at 2014-03-27 14:21:52 +0530
Served asset /employees.js - 304 Not Modified (0ms)


Started GET "/employees" for 127.0.0.1 at 2014-03-27 14:21:53 +0530
Processing by EmployeesController#index as HTML
  [1m[35mEmployee Load (0.1ms)[0m  SELECT "employees".* FROM "employees" 
  Rendered employees/index.html.erb within layouts/application (3.4ms)
Completed 200 OK in 6.8ms (Views: 6.1ms | ActiveRecord: 0.1ms)


Started GET "/assets/application.css?body=1" for 127.0.0.1 at 2014-03-27 14:21:53 +0530
Served asset /application.css - 304 Not Modified (0ms)


Started GET "/assets/employees.css?body=1" for 127.0.0.1 at 2014-03-27 14:21:53 +0530
Served asset /employees.css - 304 Not Modified (0ms)


Started GET "/assets/scaffolds.css?body=1" for 127.0.0.1 at 2014-03-27 14:21:53 +0530
Served asset /scaffolds.css - 304 Not Modified (0ms)


Started GET "/assets/jquery_ujs.js?body=1" for 127.0.0.1 at 2014-03-27 14:21:53 +0530
Served asset /jquery_ujs.js - 304 Not Modified (0ms)


Started GET "/assets/jquery.js?body=1" for 127.0.0.1 at 2014-03-27 14:21:53 +0530
Served asset /jquery.js - 304 Not Modified (0ms)


Started GET "/assets/application.js?body=1" for 127.0.0.1 at 2014-03-27 14:21:53 +0530
Served asset /application.js - 304 Not Modified (1ms)


Started GET "/assets/employees.js?body=1" for 127.0.0.1 at 2014-03-27 14:21:53 +0530
Served asset /employees.js - 304 Not Modified (0ms)


Started GET "/employees/new" for 127.0.0.1 at 2014-03-27 14:21:54 +0530
Processing by EmployeesController#new as HTML
  [1m[36mEmployee Load (0.2ms)[0m  [1mSELECT "employees".* FROM "employees" WHERE (name != 'CEO')[0m
  Rendered employees/_form.html.erb (3.9ms)
  Rendered employees/new.html.erb within layouts/application (5.0ms)
Completed 200 OK in 9.6ms (Views: 8.9ms | ActiveRecord: 0.2ms)


Started GET "/assets/application.css?body=1" for 127.0.0.1 at 2014-03-27 14:21:54 +0530
Served asset /application.css - 304 Not Modified (5ms)


Started GET "/assets/employees.css?body=1" for 127.0.0.1 at 2014-03-27 14:21:54 +0530
Served asset /employees.css - 304 Not Modified (0ms)


Started GET "/assets/scaffolds.css?body=1" for 127.0.0.1 at 2014-03-27 14:21:54 +0530
Served asset /scaffolds.css - 304 Not Modified (0ms)


Started GET "/assets/jquery_ujs.js?body=1" for 127.0.0.1 at 2014-03-27 14:21:54 +0530
Served asset /jquery_ujs.js - 304 Not Modified (0ms)


Started GET "/assets/jquery.js?body=1" for 127.0.0.1 at 2014-03-27 14:21:54 +0530
Served asset /jquery.js - 304 Not Modified (0ms)


Started GET "/assets/employees.js?body=1" for 127.0.0.1 at 2014-03-27 14:21:54 +0530
Served asset /employees.js - 304 Not Modified (0ms)


Started GET "/assets/application.js?body=1" for 127.0.0.1 at 2014-03-27 14:21:54 +0530
Served asset /application.js - 304 Not Modified (0ms)


Started POST "/employees" for 127.0.0.1 at 2014-03-27 14:22:04 +0530
Processing by EmployeesController#create as HTML
  Parameters: {"utf8"=>"✓", "authenticity_token"=>"hT5DgOarTTubWFAr4nq8AqELKxEd0syiiUOijhL7/XQ=", "employee"=>{"name"=>"Employee2", "manager_id"=>"5"}, "commit"=>"Create Employee"}
  [1m[35m (0.1ms)[0m  begin transaction
  [1m[36mSQL (0.2ms)[0m  [1mINSERT INTO "employees" ("created_at", "manager_id", "name", "updated_at") VALUES (?, ?, ?, ?)[0m  [["created_at", Thu, 27 Mar 2014 08:52:04 UTC +00:00], ["manager_id", 5], ["name", "Employee2"], ["updated_at", Thu, 27 Mar 2014 08:52:04 UTC +00:00]]
  [1m[35m (123.9ms)[0m  commit transaction
Redirected to http://localhost:4000/employees/8
Completed 302 Found in 126.3ms (ActiveRecord: 124.2ms)


Started GET "/employees/8" for 127.0.0.1 at 2014-03-27 14:22:04 +0530
Processing by EmployeesController#show as HTML
  Parameters: {"id"=>"8"}
  [1m[36mEmployee Load (0.1ms)[0m  [1mSELECT "employees".* FROM "employees" WHERE "employees"."id" = ? LIMIT 1[0m  [["id", "8"]]
  Rendered employees/show.html.erb within layouts/application (0.7ms)
Completed 200 OK in 7.5ms (Views: 6.8ms | ActiveRecord: 0.1ms)


Started GET "/assets/application.css?body=1" for 127.0.0.1 at 2014-03-27 14:22:04 +0530
Served asset /application.css - 304 Not Modified (0ms)


Started GET "/assets/employees.css?body=1" for 127.0.0.1 at 2014-03-27 14:22:04 +0530
Served asset /employees.css - 304 Not Modified (0ms)


Started GET "/assets/scaffolds.css?body=1" for 127.0.0.1 at 2014-03-27 14:22:04 +0530
Served asset /scaffolds.css - 304 Not Modified (0ms)


Started GET "/assets/jquery.js?body=1" for 127.0.0.1 at 2014-03-27 14:22:04 +0530
Served asset /jquery.js - 304 Not Modified (1ms)


Started GET "/assets/employees.js?body=1" for 127.0.0.1 at 2014-03-27 14:22:04 +0530
Served asset /employees.js - 304 Not Modified (0ms)


Started GET "/assets/jquery_ujs.js?body=1" for 127.0.0.1 at 2014-03-27 14:22:04 +0530
Served asset /jquery_ujs.js - 304 Not Modified (0ms)


Started GET "/assets/application.js?body=1" for 127.0.0.1 at 2014-03-27 14:22:04 +0530
Served asset /application.js - 304 Not Modified (2ms)


Started GET "/employees/8" for 127.0.0.1 at 2014-03-27 14:22:32 +0530
Processing by EmployeesController#show as HTML
  Parameters: {"id"=>"8"}
  [1m[35mEmployee Load (0.1ms)[0m  SELECT "employees".* FROM "employees" WHERE "employees"."id" = ? LIMIT 1  [["id", "8"]]
  Rendered employees/show.html.erb within layouts/application (0.5ms)
Completed 200 OK in 26.3ms (Views: 3.7ms | ActiveRecord: 0.4ms)


Started GET "/assets/application.css?body=1" for 127.0.0.1 at 2014-03-27 14:22:33 +0530
Served asset /application.css - 200 OK (0ms)


Started GET "/assets/scaffolds.css?body=1" for 127.0.0.1 at 2014-03-27 14:22:33 +0530
Served asset /scaffolds.css - 200 OK (0ms)


Started GET "/assets/jquery.js?body=1" for 127.0.0.1 at 2014-03-27 14:22:33 +0530
Served asset /jquery.js - 200 OK (0ms)


Started GET "/assets/employees.css?body=1" for 127.0.0.1 at 2014-03-27 14:22:33 +0530
Served asset /employees.css - 200 OK (0ms)


Started GET "/assets/jquery_ujs.js?body=1" for 127.0.0.1 at 2014-03-27 14:22:33 +0530
Served asset /jquery_ujs.js - 200 OK (0ms)


Started GET "/assets/application.js?body=1" for 127.0.0.1 at 2014-03-27 14:22:33 +0530
Served asset /application.js - 200 OK (1ms)


Started GET "/assets/employees.js?body=1" for 127.0.0.1 at 2014-03-27 14:22:33 +0530
Served asset /employees.js - 200 OK (0ms)


Started GET "/employees" for 127.0.0.1 at 2014-03-27 14:22:34 +0530
Processing by EmployeesController#index as HTML
  [1m[36mEmployee Load (0.2ms)[0m  [1mSELECT "employees".* FROM "employees" [0m
  Rendered employees/index.html.erb within layouts/application (4.5ms)
Completed 200 OK in 9.3ms (Views: 8.0ms | ActiveRecord: 0.2ms)


Started GET "/assets/application.css?body=1" for 127.0.0.1 at 2014-03-27 14:22:34 +0530
Served asset /application.css - 304 Not Modified (0ms)


Started GET "/assets/jquery_ujs.js?body=1" for 127.0.0.1 at 2014-03-27 14:22:34 +0530
Served asset /jquery_ujs.js - 304 Not Modified (0ms)


Started GET "/assets/jquery.js?body=1" for 127.0.0.1 at 2014-03-27 14:22:34 +0530
Served asset /jquery.js - 304 Not Modified (2ms)


Started GET "/assets/employees.css?body=1" for 127.0.0.1 at 2014-03-27 14:22:34 +0530
Served asset /employees.css - 304 Not Modified (0ms)


Started GET "/assets/employees.js?body=1" for 127.0.0.1 at 2014-03-27 14:22:34 +0530
Served asset /employees.js - 304 Not Modified (0ms)


Started GET "/assets/scaffolds.css?body=1" for 127.0.0.1 at 2014-03-27 14:22:34 +0530
Served asset /scaffolds.css - 304 Not Modified (0ms)


Started GET "/assets/application.js?body=1" for 127.0.0.1 at 2014-03-27 14:22:34 +0530
Served asset /application.js - 304 Not Modified (5ms)


Started GET "/employees/new" for 127.0.0.1 at 2014-03-27 14:22:35 +0530
Processing by EmployeesController#new as HTML
  [1m[35mEmployee Load (0.3ms)[0m  SELECT "employees".* FROM "employees" WHERE (name != 'CEO' and manager_id is null)
  Rendered employees/_form.html.erb (4.5ms)
  Rendered employees/new.html.erb within layouts/application (5.3ms)
Completed 200 OK in 9.9ms (Views: 9.0ms | ActiveRecord: 0.3ms)


Started GET "/assets/application.css?body=1" for 127.0.0.1 at 2014-03-27 14:22:35 +0530
Served asset /application.css - 304 Not Modified (0ms)


Started GET "/assets/scaffolds.css?body=1" for 127.0.0.1 at 2014-03-27 14:22:35 +0530
Served asset /scaffolds.css - 304 Not Modified (0ms)


Started GET "/assets/employees.css?body=1" for 127.0.0.1 at 2014-03-27 14:22:35 +0530
Served asset /employees.css - 304 Not Modified (0ms)


Started GET "/assets/jquery.js?body=1" for 127.0.0.1 at 2014-03-27 14:22:35 +0530
Served asset /jquery.js - 304 Not Modified (0ms)


Started GET "/assets/employees.js?body=1" for 127.0.0.1 at 2014-03-27 14:22:35 +0530
Served asset /employees.js - 304 Not Modified (0ms)


Started GET "/assets/jquery_ujs.js?body=1" for 127.0.0.1 at 2014-03-27 14:22:35 +0530
Served asset /jquery_ujs.js - 304 Not Modified (0ms)


Started GET "/assets/application.js?body=1" for 127.0.0.1 at 2014-03-27 14:22:35 +0530
Served asset /application.js - 304 Not Modified (1ms)


Started POST "/employees" for 127.0.0.1 at 2014-03-27 14:22:45 +0530
Processing by EmployeesController#create as HTML
  Parameters: {"utf8"=>"✓", "authenticity_token"=>"hT5DgOarTTubWFAr4nq8AqELKxEd0syiiUOijhL7/XQ=", "employee"=>{"name"=>"Employee3", "manager_id"=>"6"}, "commit"=>"Create Employee"}
  [1m[36m (0.1ms)[0m  [1mbegin transaction[0m
  [1m[35mSQL (0.5ms)[0m  INSERT INTO "employees" ("created_at", "manager_id", "name", "updated_at") VALUES (?, ?, ?, ?)  [["created_at", Thu, 27 Mar 2014 08:52:45 UTC +00:00], ["manager_id", 6], ["name", "Employee3"], ["updated_at", Thu, 27 Mar 2014 08:52:45 UTC +00:00]]
  [1m[36m (105.5ms)[0m  [1mcommit transaction[0m
Redirected to http://localhost:4000/employees/9
Completed 302 Found in 112.0ms (ActiveRecord: 106.1ms)


Started GET "/employees/9" for 127.0.0.1 at 2014-03-27 14:22:46 +0530
Processing by EmployeesController#show as HTML
  Parameters: {"id"=>"9"}
  [1m[35mEmployee Load (0.1ms)[0m  SELECT "employees".* FROM "employees" WHERE "employees"."id" = ? LIMIT 1  [["id", "9"]]
  Rendered employees/show.html.erb within layouts/application (0.9ms)
Completed 200 OK in 9.2ms (Views: 7.5ms | ActiveRecord: 0.1ms)


Started GET "/assets/application.css?body=1" for 127.0.0.1 at 2014-03-27 14:22:46 +0530
Served asset /application.css - 304 Not Modified (0ms)


Started GET "/assets/employees.css?body=1" for 127.0.0.1 at 2014-03-27 14:22:46 +0530
Served asset /employees.css - 304 Not Modified (0ms)


Started GET "/assets/scaffolds.css?body=1" for 127.0.0.1 at 2014-03-27 14:22:46 +0530
Served asset /scaffolds.css - 304 Not Modified (0ms)


Started GET "/assets/jquery_ujs.js?body=1" for 127.0.0.1 at 2014-03-27 14:22:46 +0530
Served asset /jquery_ujs.js - 304 Not Modified (0ms)


Started GET "/assets/jquery.js?body=1" for 127.0.0.1 at 2014-03-27 14:22:46 +0530
Served asset /jquery.js - 304 Not Modified (0ms)


Started GET "/assets/employees.js?body=1" for 127.0.0.1 at 2014-03-27 14:22:46 +0530
Served asset /employees.js - 304 Not Modified (0ms)


Started GET "/assets/application.js?body=1" for 127.0.0.1 at 2014-03-27 14:22:46 +0530
Served asset /application.js - 304 Not Modified (1ms)


Started GET "/employees" for 127.0.0.1 at 2014-03-27 14:22:47 +0530
Processing by EmployeesController#index as HTML
  [1m[36mEmployee Load (0.2ms)[0m  [1mSELECT "employees".* FROM "employees" [0m
  Rendered employees/index.html.erb within layouts/application (4.1ms)
Completed 200 OK in 8.1ms (Views: 7.1ms | ActiveRecord: 0.2ms)


Started GET "/assets/application.css?body=1" for 127.0.0.1 at 2014-03-27 14:22:47 +0530
Served asset /application.css - 304 Not Modified (0ms)


Started GET "/assets/employees.css?body=1" for 127.0.0.1 at 2014-03-27 14:22:47 +0530
Served asset /employees.css - 304 Not Modified (0ms)


Started GET "/assets/jquery_ujs.js?body=1" for 127.0.0.1 at 2014-03-27 14:22:47 +0530
Served asset /jquery_ujs.js - 304 Not Modified (0ms)


Started GET "/assets/employees.js?body=1" for 127.0.0.1 at 2014-03-27 14:22:47 +0530
Served asset /employees.js - 304 Not Modified (0ms)


Started GET "/assets/scaffolds.css?body=1" for 127.0.0.1 at 2014-03-27 14:22:47 +0530
Served asset /scaffolds.css - 304 Not Modified (0ms)


Started GET "/assets/jquery.js?body=1" for 127.0.0.1 at 2014-03-27 14:22:47 +0530
Served asset /jquery.js - 304 Not Modified (0ms)


Started GET "/assets/application.js?body=1" for 127.0.0.1 at 2014-03-27 14:22:47 +0530
Served asset /application.js - 304 Not Modified (0ms)


Started GET "/employees" for 127.0.0.1 at 2014-03-27 14:24:10 +0530
Processing by EmployeesController#index as HTML
  [1m[35mEmployee Load (0.2ms)[0m  SELECT "employees".* FROM "employees" 
  Rendered employees/index.html.erb within layouts/application (0.9ms)
Completed 500 Internal Server Error in 3.3ms

ActionView::Template::Error (undefined method `each' for nil:NilClass):
    1: <h1>Listing employees</h1>
    2: 
    3: <div>
    4: <%@employee.each do |i|%>
    5:      <ul>     
    6:      <li>
    7:      <%= i.name%>
  app/views/employees/index.html.erb:4:in `_app_views_employees_index_html_erb___446006099__629740368'
  app/controllers/employees_controller.rb:7:in `index'


  Rendered /home/user/.rvm/gems/ruby-1.9.3-p429@rails3.2.16/gems/actionpack-3.2.16/lib/action_dispatch/middleware/templates/rescues/_trace.erb (1.0ms)
  Rendered /home/user/.rvm/gems/ruby-1.9.3-p429@rails3.2.16/gems/actionpack-3.2.16/lib/action_dispatch/middleware/templates/rescues/_request_and_response.erb (0.8ms)
  Rendered /home/user/.rvm/gems/ruby-1.9.3-p429@rails3.2.16/gems/actionpack-3.2.16/lib/action_dispatch/middleware/templates/rescues/template_error.erb within rescues/layout (6.6ms)


Started GET "/employees" for 127.0.0.1 at 2014-03-27 14:24:16 +0530
Processing by EmployeesController#index as HTML
  [1m[36mEmployee Load (0.3ms)[0m  [1mSELECT "employees".* FROM "employees" [0m
  Rendered employees/index.html.erb within layouts/application (2.3ms)
Completed 500 Internal Server Error in 6.5ms

ActionView::Template::Error (undefined method `subordinates' for #<Employee:0xb653d430>):
    6:      <li>
    7:      <%= i.name%>
    8: 		 
    9: 		  <%i.subordinates.each do |k|%>
    10: 			<ul>
    11: 		 <li>
    12: 		   <%= k.name%>
  app/views/employees/index.html.erb:9:in `block in _app_views_employees_index_html_erb___446006099__618613178'
  app/views/employees/index.html.erb:4:in `each'
  app/views/employees/index.html.erb:4:in `_app_views_employees_index_html_erb___446006099__618613178'
  app/controllers/employees_controller.rb:7:in `index'


  Rendered /home/user/.rvm/gems/ruby-1.9.3-p429@rails3.2.16/gems/actionpack-3.2.16/lib/action_dispatch/middleware/templates/rescues/_trace.erb (1.1ms)
  Rendered /home/user/.rvm/gems/ruby-1.9.3-p429@rails3.2.16/gems/actionpack-3.2.16/lib/action_dispatch/middleware/templates/rescues/_request_and_response.erb (0.7ms)
  Rendered /home/user/.rvm/gems/ruby-1.9.3-p429@rails3.2.16/gems/actionpack-3.2.16/lib/action_dispatch/middleware/templates/rescues/template_error.erb within rescues/layout (6.8ms)


Started GET "/employees" for 127.0.0.1 at 2014-03-27 14:24:38 +0530
Processing by EmployeesController#index as HTML
  [1m[35mEmployee Load (0.3ms)[0m  SELECT "employees".* FROM "employees" 
  [1m[36mEmployee Load (0.2ms)[0m  [1mSELECT "employees".* FROM "employees" WHERE "employees"."manager_id" = 1[0m
  [1m[35mEmployee Load (0.1ms)[0m  SELECT "employees".* FROM "employees" WHERE "employees"."manager_id" = 2
  [1m[36mEmployee Load (0.1ms)[0m  [1mSELECT "employees".* FROM "employees" WHERE "employees"."manager_id" = 5[0m
  [1m[35mEmployee Load (0.1ms)[0m  SELECT "employees".* FROM "employees" WHERE "employees"."manager_id" = 6
  [1m[36mEmployee Load (0.1ms)[0m  [1mSELECT "employees".* FROM "employees" WHERE "employees"."manager_id" = 7[0m
  [1m[35mEmployee Load (0.1ms)[0m  SELECT "employees".* FROM "employees" WHERE "employees"."manager_id" = 8
  [1m[36mEmployee Load (0.1ms)[0m  [1mSELECT "employees".* FROM "employees" WHERE "employees"."manager_id" = 9[0m
  Rendered employees/index.html.erb within layouts/application (40.2ms)
Completed 200 OK in 45.6ms (Views: 43.2ms | ActiveRecord: 0.9ms)


Started GET "/assets/application.css?body=1" for 127.0.0.1 at 2014-03-27 14:24:38 +0530
Served asset /application.css - 200 OK (0ms)


Started GET "/assets/scaffolds.css?body=1" for 127.0.0.1 at 2014-03-27 14:24:38 +0530
Served asset /scaffolds.css - 200 OK (0ms)


Started GET "/assets/employees.css?body=1" for 127.0.0.1 at 2014-03-27 14:24:38 +0530
Served asset /employees.css - 200 OK (2ms)


Started GET "/assets/jquery_ujs.js?body=1" for 127.0.0.1 at 2014-03-27 14:24:38 +0530
Served asset /jquery_ujs.js - 200 OK (0ms)


Started GET "/assets/jquery.js?body=1" for 127.0.0.1 at 2014-03-27 14:24:38 +0530
Served asset /jquery.js - 200 OK (0ms)


Started GET "/assets/employees.js?body=1" for 127.0.0.1 at 2014-03-27 14:24:38 +0530
Served asset /employees.js - 200 OK (0ms)


Started GET "/assets/application.js?body=1" for 127.0.0.1 at 2014-03-27 14:24:38 +0530
Served asset /application.js - 200 OK (1ms)


Started GET "/employees" for 127.0.0.1 at 2014-03-27 14:25:33 +0530
Processing by EmployeesController#index as HTML
  [1m[35mEmployee Load (0.1ms)[0m  SELECT "employees".* FROM "employees" 
  [1m[36mEmployee Load (0.1ms)[0m  [1mSELECT "employees".* FROM "employees" WHERE (manager_id is null)[0m
  [1m[35mEmployee Load (0.1ms)[0m  SELECT "employees".* FROM "employees" WHERE "employees"."manager_id" = 1
  [1m[36mEmployee Load (0.1ms)[0m  [1mSELECT "employees".* FROM "employees" WHERE "employees"."manager_id" = 2[0m
  [1m[35mEmployee Load (0.1ms)[0m  SELECT "employees".* FROM "employees" WHERE "employees"."manager_id" = 5
  [1m[36mEmployee Load (0.1ms)[0m  [1mSELECT "employees".* FROM "employees" WHERE "employees"."manager_id" = 6[0m
  Rendered employees/index.html.erb within layouts/application (3.8ms)
Completed 200 OK in 13.5ms (Views: 6.6ms | ActiveRecord: 0.9ms)


Started GET "/assets/application.css?body=1" for 127.0.0.1 at 2014-03-27 14:25:33 +0530
Served asset /application.css - 200 OK (0ms)


Started GET "/assets/scaffolds.css?body=1" for 127.0.0.1 at 2014-03-27 14:25:33 +0530
Served asset /scaffolds.css - 200 OK (0ms)


Started GET "/assets/employees.css?body=1" for 127.0.0.1 at 2014-03-27 14:25:33 +0530
Served asset /employees.css - 200 OK (0ms)


Started GET "/assets/jquery.js?body=1" for 127.0.0.1 at 2014-03-27 14:25:33 +0530
Served asset /jquery.js - 200 OK (0ms)


Started GET "/assets/jquery_ujs.js?body=1" for 127.0.0.1 at 2014-03-27 14:25:33 +0530
Served asset /jquery_ujs.js - 200 OK (0ms)


Started GET "/assets/employees.js?body=1" for 127.0.0.1 at 2014-03-27 14:25:33 +0530
Served asset /employees.js - 200 OK (0ms)


Started GET "/assets/application.js?body=1" for 127.0.0.1 at 2014-03-27 14:25:33 +0530
Served asset /application.js - 200 OK (24ms)


Started GET "/employees/new" for 127.0.0.1 at 2014-03-27 14:25:35 +0530
Processing by EmployeesController#new as HTML
  [1m[35mEmployee Load (0.2ms)[0m  SELECT "employees".* FROM "employees" WHERE (name != 'CEO' and manager_id is null)
  Rendered employees/_form.html.erb (4.0ms)
  Rendered employees/new.html.erb within layouts/application (5.0ms)
Completed 200 OK in 9.9ms (Views: 8.6ms | ActiveRecord: 0.2ms)


Started GET "/assets/application.css?body=1" for 127.0.0.1 at 2014-03-27 14:25:35 +0530
Served asset /application.css - 304 Not Modified (6ms)


Started GET "/assets/jquery_ujs.js?body=1" for 127.0.0.1 at 2014-03-27 14:25:35 +0530
Served asset /jquery_ujs.js - 304 Not Modified (0ms)


Started GET "/assets/employees.css?body=1" for 127.0.0.1 at 2014-03-27 14:25:35 +0530
Served asset /employees.css - 304 Not Modified (0ms)


Started GET "/assets/scaffolds.css?body=1" for 127.0.0.1 at 2014-03-27 14:25:35 +0530
Served asset /scaffolds.css - 304 Not Modified (0ms)


Started GET "/assets/jquery.js?body=1" for 127.0.0.1 at 2014-03-27 14:25:35 +0530
Served asset /jquery.js - 304 Not Modified (0ms)


Started GET "/assets/employees.js?body=1" for 127.0.0.1 at 2014-03-27 14:25:35 +0530
Served asset /employees.js - 304 Not Modified (0ms)


Started GET "/assets/application.js?body=1" for 127.0.0.1 at 2014-03-27 14:25:35 +0530
Served asset /application.js - 304 Not Modified (1ms)


Started POST "/employees" for 127.0.0.1 at 2014-03-27 14:25:46 +0530
Processing by EmployeesController#create as HTML
  Parameters: {"utf8"=>"✓", "authenticity_token"=>"hT5DgOarTTubWFAr4nq8AqELKxEd0syiiUOijhL7/XQ=", "employee"=>{"name"=>"Employee4", "manager_id"=>"5"}, "commit"=>"Create Employee"}
  [1m[36m (0.1ms)[0m  [1mbegin transaction[0m
  [1m[35mSQL (0.3ms)[0m  INSERT INTO "employees" ("created_at", "manager_id", "name", "updated_at") VALUES (?, ?, ?, ?)  [["created_at", Thu, 27 Mar 2014 08:55:46 UTC +00:00], ["manager_id", 5], ["name", "Employee4"], ["updated_at", Thu, 27 Mar 2014 08:55:46 UTC +00:00]]
  [1m[36m (122.4ms)[0m  [1mcommit transaction[0m
Redirected to http://localhost:4000/employees/10
Completed 302 Found in 127.2ms (ActiveRecord: 122.8ms)


Started GET "/employees/10" for 127.0.0.1 at 2014-03-27 14:25:46 +0530
Processing by EmployeesController#show as HTML
  Parameters: {"id"=>"10"}
  [1m[35mEmployee Load (0.3ms)[0m  SELECT "employees".* FROM "employees" WHERE "employees"."id" = ? LIMIT 1  [["id", "10"]]
  Rendered employees/show.html.erb within layouts/application (0.9ms)
Completed 200 OK in 7.6ms (Views: 5.7ms | ActiveRecord: 0.3ms)


Started GET "/assets/application.css?body=1" for 127.0.0.1 at 2014-03-27 14:25:47 +0530
Served asset /application.css - 304 Not Modified (0ms)


Started GET "/assets/employees.css?body=1" for 127.0.0.1 at 2014-03-27 14:25:47 +0530
Served asset /employees.css - 304 Not Modified (0ms)


Started GET "/assets/employees.js?body=1" for 127.0.0.1 at 2014-03-27 14:25:47 +0530
Served asset /employees.js - 304 Not Modified (0ms)


Started GET "/assets/jquery_ujs.js?body=1" for 127.0.0.1 at 2014-03-27 14:25:47 +0530
Served asset /jquery_ujs.js - 304 Not Modified (0ms)


Started GET "/assets/jquery.js?body=1" for 127.0.0.1 at 2014-03-27 14:25:47 +0530
Served asset /jquery.js - 304 Not Modified (0ms)


Started GET "/assets/scaffolds.css?body=1" for 127.0.0.1 at 2014-03-27 14:25:47 +0530
Served asset /scaffolds.css - 304 Not Modified (0ms)


Started GET "/assets/application.js?body=1" for 127.0.0.1 at 2014-03-27 14:25:47 +0530
Served asset /application.js - 304 Not Modified (1ms)


Started GET "/employees" for 127.0.0.1 at 2014-03-27 14:25:48 +0530
Processing by EmployeesController#index as HTML
  [1m[36mEmployee Load (0.3ms)[0m  [1mSELECT "employees".* FROM "employees" [0m
  [1m[35mEmployee Load (0.2ms)[0m  SELECT "employees".* FROM "employees" WHERE (manager_id is null)
  [1m[36mEmployee Load (0.2ms)[0m  [1mSELECT "employees".* FROM "employees" WHERE "employees"."manager_id" = 1[0m
  [1m[35mEmployee Load (0.1ms)[0m  SELECT "employees".* FROM "employees" WHERE "employees"."manager_id" = 2
  [1m[36mEmployee Load (0.2ms)[0m  [1mSELECT "employees".* FROM "employees" WHERE "employees"."manager_id" = 5[0m
  [1m[35mEmployee Load (0.1ms)[0m  SELECT "employees".* FROM "employees" WHERE "employees"."manager_id" = 6
  Rendered employees/index.html.erb within layouts/application (4.9ms)
Completed 200 OK in 10.6ms (Views: 8.2ms | ActiveRecord: 1.0ms)


Started GET "/assets/application.css?body=1" for 127.0.0.1 at 2014-03-27 14:25:48 +0530
Served asset /application.css - 304 Not Modified (6ms)


Started GET "/assets/employees.css?body=1" for 127.0.0.1 at 2014-03-27 14:25:48 +0530
Served asset /employees.css - 304 Not Modified (0ms)


Started GET "/assets/jquery_ujs.js?body=1" for 127.0.0.1 at 2014-03-27 14:25:48 +0530
Served asset /jquery_ujs.js - 304 Not Modified (0ms)


Started GET "/assets/jquery.js?body=1" for 127.0.0.1 at 2014-03-27 14:25:48 +0530
Served asset /jquery.js - 304 Not Modified (0ms)


Started GET "/assets/scaffolds.css?body=1" for 127.0.0.1 at 2014-03-27 14:25:48 +0530
Served asset /scaffolds.css - 304 Not Modified (0ms)


Started GET "/assets/employees.js?body=1" for 127.0.0.1 at 2014-03-27 14:25:48 +0530
Served asset /employees.js - 304 Not Modified (0ms)


Started GET "/assets/application.js?body=1" for 127.0.0.1 at 2014-03-27 14:25:48 +0530
Served asset /application.js - 304 Not Modified (1ms)


Started GET "/employees/new" for 127.0.0.1 at 2014-03-27 14:25:52 +0530
Processing by EmployeesController#new as HTML
  [1m[36mEmployee Load (0.3ms)[0m  [1mSELECT "employees".* FROM "employees" WHERE (name != 'CEO' and manager_id is null)[0m
  Rendered employees/_form.html.erb (4.5ms)
  Rendered employees/new.html.erb within layouts/application (5.1ms)
Completed 200 OK in 10.5ms (Views: 9.9ms | ActiveRecord: 0.3ms)


Started GET "/assets/application.css?body=1" for 127.0.0.1 at 2014-03-27 14:25:52 +0530
Served asset /application.css - 304 Not Modified (0ms)


Started GET "/assets/jquery.js?body=1" for 127.0.0.1 at 2014-03-27 14:25:52 +0530
Served asset /jquery.js - 304 Not Modified (3ms)


Started GET "/assets/scaffolds.css?body=1" for 127.0.0.1 at 2014-03-27 14:25:52 +0530
Served asset /scaffolds.css - 304 Not Modified (0ms)


Started GET "/assets/employees.css?body=1" for 127.0.0.1 at 2014-03-27 14:25:52 +0530
Served asset /employees.css - 304 Not Modified (0ms)


Started GET "/assets/jquery_ujs.js?body=1" for 127.0.0.1 at 2014-03-27 14:25:52 +0530
Served asset /jquery_ujs.js - 304 Not Modified (0ms)


Started GET "/assets/employees.js?body=1" for 127.0.0.1 at 2014-03-27 14:25:52 +0530
Served asset /employees.js - 304 Not Modified (0ms)


Started GET "/assets/application.js?body=1" for 127.0.0.1 at 2014-03-27 14:25:52 +0530
Served asset /application.js - 304 Not Modified (1ms)


Started POST "/employees" for 127.0.0.1 at 2014-03-27 14:26:01 +0530
Processing by EmployeesController#create as HTML
  Parameters: {"utf8"=>"✓", "authenticity_token"=>"hT5DgOarTTubWFAr4nq8AqELKxEd0syiiUOijhL7/XQ=", "employee"=>{"name"=>"Employee5", "manager_id"=>"6"}, "commit"=>"Create Employee"}
  [1m[35m (0.1ms)[0m  begin transaction
  [1m[36mSQL (0.6ms)[0m  [1mINSERT INTO "employees" ("created_at", "manager_id", "name", "updated_at") VALUES (?, ?, ?, ?)[0m  [["created_at", Thu, 27 Mar 2014 08:56:01 UTC +00:00], ["manager_id", 6], ["name", "Employee5"], ["updated_at", Thu, 27 Mar 2014 08:56:01 UTC +00:00]]
  [1m[35m (111.4ms)[0m  commit transaction
Redirected to http://localhost:4000/employees/11
Completed 302 Found in 115.6ms (ActiveRecord: 112.2ms)


Started GET "/employees/11" for 127.0.0.1 at 2014-03-27 14:26:01 +0530
Processing by EmployeesController#show as HTML
  Parameters: {"id"=>"11"}
  [1m[36mEmployee Load (0.1ms)[0m  [1mSELECT "employees".* FROM "employees" WHERE "employees"."id" = ? LIMIT 1[0m  [["id", "11"]]
  Rendered employees/show.html.erb within layouts/application (0.4ms)
Completed 200 OK in 3.5ms (Views: 2.9ms | ActiveRecord: 0.1ms)


Started GET "/assets/application.css?body=1" for 127.0.0.1 at 2014-03-27 14:26:01 +0530
Served asset /application.css - 304 Not Modified (0ms)


Started GET "/assets/jquery.js?body=1" for 127.0.0.1 at 2014-03-27 14:26:01 +0530
Served asset /jquery.js - 304 Not Modified (9ms)


Started GET "/assets/scaffolds.css?body=1" for 127.0.0.1 at 2014-03-27 14:26:01 +0530
Served asset /scaffolds.css - 304 Not Modified (0ms)


Started GET "/assets/application.js?body=1" for 127.0.0.1 at 2014-03-27 14:26:01 +0530
Served asset /application.js - 304 Not Modified (1ms)


Started GET "/assets/employees.css?body=1" for 127.0.0.1 at 2014-03-27 14:26:01 +0530
Served asset /employees.css - 304 Not Modified (0ms)


Started GET "/assets/employees.js?body=1" for 127.0.0.1 at 2014-03-27 14:26:01 +0530
Served asset /employees.js - 304 Not Modified (0ms)


Started GET "/assets/jquery_ujs.js?body=1" for 127.0.0.1 at 2014-03-27 14:26:01 +0530
Served asset /jquery_ujs.js - 304 Not Modified (0ms)


Started GET "/employees" for 127.0.0.1 at 2014-03-27 14:26:02 +0530
Processing by EmployeesController#index as HTML
  [1m[35mEmployee Load (0.3ms)[0m  SELECT "employees".* FROM "employees" 
  [1m[36mEmployee Load (0.2ms)[0m  [1mSELECT "employees".* FROM "employees" WHERE (manager_id is null)[0m
  [1m[35mEmployee Load (0.2ms)[0m  SELECT "employees".* FROM "employees" WHERE "employees"."manager_id" = 1
  [1m[36mEmployee Load (0.2ms)[0m  [1mSELECT "employees".* FROM "employees" WHERE "employees"."manager_id" = 2[0m
  [1m[35mEmployee Load (0.2ms)[0m  SELECT "employees".* FROM "employees" WHERE "employees"."manager_id" = 5
  [1m[36mEmployee Load (0.1ms)[0m  [1mSELECT "employees".* FROM "employees" WHERE "employees"."manager_id" = 6[0m
  Rendered employees/index.html.erb within layouts/application (5.8ms)
Completed 200 OK in 12.1ms (Views: 9.5ms | ActiveRecord: 1.2ms)


Started GET "/assets/application.css?body=1" for 127.0.0.1 at 2014-03-27 14:26:02 +0530
Served asset /application.css - 304 Not Modified (0ms)


Started GET "/assets/employees.css?body=1" for 127.0.0.1 at 2014-03-27 14:26:02 +0530
Served asset /employees.css - 304 Not Modified (0ms)


Started GET "/assets/scaffolds.css?body=1" for 127.0.0.1 at 2014-03-27 14:26:02 +0530
Served asset /scaffolds.css - 304 Not Modified (0ms)


Started GET "/assets/jquery_ujs.js?body=1" for 127.0.0.1 at 2014-03-27 14:26:02 +0530
Served asset /jquery_ujs.js - 304 Not Modified (0ms)


Started GET "/assets/jquery.js?body=1" for 127.0.0.1 at 2014-03-27 14:26:03 +0530
Served asset /jquery.js - 304 Not Modified (1ms)


Started GET "/assets/application.js?body=1" for 127.0.0.1 at 2014-03-27 14:26:03 +0530
Served asset /application.js - 304 Not Modified (1ms)


Started GET "/assets/employees.js?body=1" for 127.0.0.1 at 2014-03-27 14:26:03 +0530
Served asset /employees.js - 304 Not Modified (0ms)
